{"/home/travis/build/npmtest/node-npmtest-exif/test.js":{"path":"/home/travis/build/npmtest/node-npmtest-exif/test.js","s":{"1":2,"2":2,"3":2,"4":2,"5":2,"6":2,"7":2,"8":1,"9":2,"10":2,"11":1,"12":1,"13":1,"14":1,"15":2,"16":2,"17":2,"18":2,"19":1,"20":1,"21":2,"22":2,"23":2,"24":1,"25":1,"26":1,"27":1,"28":1,"29":1,"30":1,"31":1,"32":1,"33":1,"34":1,"35":1,"36":1,"37":1,"38":1,"39":2,"40":2,"41":1,"42":2,"43":2,"44":1,"45":2,"46":2,"47":1,"48":2,"49":2,"50":1,"51":1,"52":1,"53":1,"54":1},"b":{"1":[2,1,1,1],"2":[1,1,1,1],"3":[1,1],"4":[1,1],"5":[1,1],"6":[1,1],"7":[1,1],"8":[1,1],"9":[1,1],"10":[1,1,1],"11":[1,1],"12":[1,1],"13":[1,1],"14":[1,1],"15":[1,1],"16":[1,1],"17":[1,1]},"f":{"1":2,"2":2,"3":2,"4":2,"5":2,"6":1,"7":1,"8":1,"9":2,"10":2,"11":2,"12":2,"13":1},"fnMap":{"1":{"name":"(anonymous_1)","line":12,"loc":{"start":{"line":12,"column":1},"end":{"line":12,"column":13}}},"2":{"name":"(anonymous_2)","line":19,"loc":{"start":{"line":19,"column":5},"end":{"line":19,"column":17}}},"3":{"name":"(anonymous_3)","line":23,"loc":{"start":{"line":23,"column":24},"end":{"line":23,"column":36}}},"4":{"name":"(anonymous_4)","line":61,"loc":{"start":{"line":61,"column":5},"end":{"line":61,"column":17}}},"5":{"name":"(anonymous_5)","line":82,"loc":{"start":{"line":82,"column":5},"end":{"line":82,"column":17}}},"6":{"name":"(anonymous_6)","line":91,"loc":{"start":{"line":91,"column":77},"end":{"line":94,"column":10}}},"7":{"name":"(anonymous_7)","line":112,"loc":{"start":{"line":112,"column":83},"end":{"line":115,"column":10}},"skip":true},"8":{"name":"(anonymous_8)","line":123,"loc":{"start":{"line":123,"column":77},"end":{"line":126,"column":10}},"skip":true},"9":{"name":"(anonymous_9)","line":139,"loc":{"start":{"line":139,"column":12},"end":{"line":139,"column":40}},"skip":true},"10":{"name":"(anonymous_10)","line":147,"loc":{"start":{"line":147,"column":77},"end":{"line":150,"column":10}},"skip":true},"11":{"name":"(anonymous_11)","line":158,"loc":{"start":{"line":158,"column":83},"end":{"line":161,"column":10}},"skip":true},"12":{"name":"(anonymous_12)","line":169,"loc":{"start":{"line":169,"column":79},"end":{"line":172,"column":10}},"skip":true},"13":{"name":"(anonymous_13)","line":180,"loc":{"start":{"line":180,"column":75},"end":{"line":183,"column":10}},"skip":true}},"statementMap":{"1":{"start":{"line":12,"column":0},"end":{"line":195,"column":5}},"2":{"start":{"line":14,"column":4},"end":{"line":14,"column":14}},"3":{"start":{"line":19,"column":4},"end":{"line":56,"column":9}},"4":{"start":{"line":21,"column":8},"end":{"line":21,"column":19}},"5":{"start":{"line":23,"column":8},"end":{"line":35,"column":13}},"6":{"start":{"line":24,"column":12},"end":{"line":34,"column":13}},"7":{"start":{"line":25,"column":16},"end":{"line":28,"column":30}},"8":{"start":{"line":30,"column":16},"end":{"line":33,"column":27}},"9":{"start":{"line":37,"column":8},"end":{"line":39,"column":21}},"10":{"start":{"line":40,"column":8},"end":{"line":53,"column":9}},"11":{"start":{"line":43,"column":12},"end":{"line":46,"column":14}},"12":{"start":{"line":47,"column":12},"end":{"line":47,"column":18}},"13":{"start":{"line":50,"column":12},"end":{"line":51,"column":33}},"14":{"start":{"line":52,"column":12},"end":{"line":52,"column":18}},"15":{"start":{"line":55,"column":8},"end":{"line":55,"column":35}},"16":{"start":{"line":61,"column":4},"end":{"line":63,"column":9}},"17":{"start":{"line":62,"column":8},"end":{"line":62,"column":15}},"18":{"start":{"line":64,"column":4},"end":{"line":77,"column":5}},"19":{"start":{"line":70,"column":8},"end":{"line":70,"column":14}},"20":{"start":{"line":76,"column":8},"end":{"line":76,"column":14}},"21":{"start":{"line":82,"column":4},"end":{"line":84,"column":9}},"22":{"start":{"line":83,"column":8},"end":{"line":83,"column":15}},"23":{"start":{"line":85,"column":4},"end":{"line":194,"column":5}},"24":{"start":{"line":91,"column":8},"end":{"line":99,"column":10}},"25":{"start":{"line":98,"column":12},"end":{"line":98,"column":35}},"26":{"start":{"line":102,"column":8},"end":{"line":104,"column":63}},"27":{"start":{"line":105,"column":8},"end":{"line":105,"column":14}},"28":{"start":{"line":112,"column":8},"end":{"line":121,"column":10},"skip":true},"29":{"start":{"line":119,"column":12},"end":{"line":119,"column":55},"skip":true},"30":{"start":{"line":120,"column":12},"end":{"line":120,"column":48},"skip":true},"31":{"start":{"line":123,"column":8},"end":{"line":136,"column":10},"skip":true},"32":{"start":{"line":130,"column":12},"end":{"line":130,"column":76},"skip":true},"33":{"start":{"line":131,"column":12},"end":{"line":131,"column":73},"skip":true},"34":{"start":{"line":132,"column":12},"end":{"line":132,"column":74},"skip":true},"35":{"start":{"line":133,"column":12},"end":{"line":133,"column":79},"skip":true},"36":{"start":{"line":134,"column":12},"end":{"line":134,"column":25},"skip":true},"37":{"start":{"line":135,"column":12},"end":{"line":135,"column":45},"skip":true},"38":{"start":{"line":138,"column":8},"end":{"line":145,"column":14},"skip":true},"39":{"start":{"line":143,"column":16},"end":{"line":143,"column":29},"skip":true},"40":{"start":{"line":144,"column":16},"end":{"line":144,"column":55},"skip":true},"41":{"start":{"line":147,"column":8},"end":{"line":156,"column":10},"skip":true},"42":{"start":{"line":154,"column":12},"end":{"line":154,"column":25},"skip":true},"43":{"start":{"line":155,"column":12},"end":{"line":155,"column":45},"skip":true},"44":{"start":{"line":158,"column":8},"end":{"line":167,"column":10},"skip":true},"45":{"start":{"line":165,"column":12},"end":{"line":165,"column":25},"skip":true},"46":{"start":{"line":166,"column":12},"end":{"line":166,"column":48},"skip":true},"47":{"start":{"line":169,"column":8},"end":{"line":178,"column":10},"skip":true},"48":{"start":{"line":176,"column":12},"end":{"line":176,"column":25},"skip":true},"49":{"start":{"line":177,"column":12},"end":{"line":177,"column":46},"skip":true},"50":{"start":{"line":180,"column":8},"end":{"line":189,"column":10},"skip":true},"51":{"start":{"line":187,"column":12},"end":{"line":187,"column":94},"skip":true},"52":{"start":{"line":188,"column":12},"end":{"line":188,"column":48},"skip":true},"53":{"start":{"line":192,"column":8},"end":{"line":192,"column":35},"skip":true},"54":{"start":{"line":193,"column":8},"end":{"line":193,"column":14},"skip":true}},"branchMap":{"1":{"line":25,"type":"binary-expr","locations":[{"start":{"line":25,"column":23},"end":{"line":25,"column":62}},{"start":{"line":26,"column":20},"end":{"line":26,"column":70}},{"start":{"line":27,"column":20},"end":{"line":27,"column":71}},{"start":{"line":28,"column":20},"end":{"line":28,"column":29}}]},"2":{"line":30,"type":"binary-expr","locations":[{"start":{"line":30,"column":23},"end":{"line":30,"column":37}},{"start":{"line":31,"column":20},"end":{"line":31,"column":61}},{"start":{"line":32,"column":20},"end":{"line":32,"column":70}},{"start":{"line":33,"column":20},"end":{"line":33,"column":26}}]},"3":{"line":37,"type":"cond-expr","locations":[{"start":{"line":38,"column":14},"end":{"line":38,"column":20}},{"start":{"line":39,"column":14},"end":{"line":39,"column":20}}]},"4":{"line":40,"type":"switch","locations":[{"start":{"line":42,"column":8},"end":{"line":47,"column":18}},{"start":{"line":49,"column":8},"end":{"line":52,"column":18}}]},"5":{"line":44,"type":"binary-expr","locations":[{"start":{"line":44,"column":16},"end":{"line":44,"column":44}},{"start":{"line":44,"column":48},"end":{"line":44,"column":66}}]},"6":{"line":50,"type":"binary-expr","locations":[{"start":{"line":50,"column":21},"end":{"line":50,"column":49}},{"start":{"line":50,"column":53},"end":{"line":50,"column":72}}]},"7":{"line":64,"type":"switch","locations":[{"start":{"line":69,"column":4},"end":{"line":70,"column":14}},{"start":{"line":75,"column":4},"end":{"line":76,"column":14}}]},"8":{"line":85,"type":"switch","locations":[{"start":{"line":90,"column":4},"end":{"line":105,"column":14}},{"start":{"line":111,"column":4},"end":{"line":193,"column":14},"skip":true}]},"9":{"line":91,"type":"binary-expr","locations":[{"start":{"line":91,"column":42},"end":{"line":91,"column":73}},{"start":{"line":91,"column":77},"end":{"line":99,"column":9}}]},"10":{"line":102,"type":"binary-expr","locations":[{"start":{"line":102,"column":18},"end":{"line":102,"column":32}},{"start":{"line":103,"column":12},"end":{"line":103,"column":53}},{"start":{"line":104,"column":12},"end":{"line":104,"column":61}}]},"11":{"line":112,"type":"binary-expr","locations":[{"start":{"line":112,"column":45},"end":{"line":112,"column":79},"skip":true},{"start":{"line":112,"column":83},"end":{"line":121,"column":9},"skip":true}]},"12":{"line":123,"type":"binary-expr","locations":[{"start":{"line":123,"column":42},"end":{"line":123,"column":73},"skip":true},{"start":{"line":123,"column":77},"end":{"line":136,"column":9},"skip":true}]},"13":{"line":138,"type":"binary-expr","locations":[{"start":{"line":138,"column":48},"end":{"line":138,"column":85},"skip":true},{"start":{"line":139,"column":12},"end":{"line":145,"column":13},"skip":true}]},"14":{"line":147,"type":"binary-expr","locations":[{"start":{"line":147,"column":42},"end":{"line":147,"column":73},"skip":true},{"start":{"line":147,"column":77},"end":{"line":156,"column":9},"skip":true}]},"15":{"line":158,"type":"binary-expr","locations":[{"start":{"line":158,"column":45},"end":{"line":158,"column":79},"skip":true},{"start":{"line":158,"column":83},"end":{"line":167,"column":9},"skip":true}]},"16":{"line":169,"type":"binary-expr","locations":[{"start":{"line":169,"column":43},"end":{"line":169,"column":75},"skip":true},{"start":{"line":169,"column":79},"end":{"line":178,"column":9},"skip":true}]},"17":{"line":180,"type":"binary-expr","locations":[{"start":{"line":180,"column":41},"end":{"line":180,"column":71},"skip":true},{"start":{"line":180,"column":75},"end":{"line":189,"column":9},"skip":true}]}},"code":["/* istanbul instrument in package npmtest_exif */","/*jslint","    bitwise: true,","    browser: true,","    maxerr: 8,","    maxlen: 96,","    node: true,","    nomen: true,","    regexp: true,","    stupid: true","*/","(function () {","    'use strict';","    var local;","","","","    // run shared js-env code - init-before","    (function () {","        // init local","        local = {};","        // init modeJs","        local.modeJs = (function () {","            try {","                return typeof navigator.userAgent === 'string' &&","                    typeof document.querySelector('body') === 'object' &&","                    typeof XMLHttpRequest.prototype.open === 'function' &&","                    'browser';","            } catch (errorCaughtBrowser) {","                return module.exports &&","                    typeof process.versions.node === 'string' &&","                    typeof require('http').createServer === 'function' &&","                    'node';","            }","        }());","        // init global","        local.global = local.modeJs === 'browser'","            ? window","            : global;","        switch (local.modeJs) {","        // re-init local from window.local","        case 'browser':","            local = local.global.utility2.objectSetDefault(","                local.global.utility2_rollup || local.global.local,","                local.global.utility2","            );","            break;","        // re-init local from example.js","        case 'node':","            local = (local.global.utility2_rollup || require('utility2'))","                .requireReadme();","            break;","        }","        // export local","        local.global.local = local;","    }());","","","","    // run shared js-env code - function","    (function () {","        return;","    }());","    switch (local.modeJs) {","","","","    // run browser js-env code - function","    case 'browser':","        break;","","","","    // run node js-env code - function","    case 'node':","        break;","    }","","","","    // run shared js-env code - init-after","    (function () {","        return;","    }());","    switch (local.modeJs) {","","","","    // run browser js-env code - init-after","    case 'browser':","        local.testCase_browser_nullCase = local.testCase_browser_nullCase || function (","            options,","            onError","        ) {","        /*","         * this function will test browsers's null-case handling-behavior-behavior","         */","            onError(null, options);","        };","","        // run tests","        local.nop(local.modeTest &&","            document.querySelector('#testRunButton1') &&","            document.querySelector('#testRunButton1').click());","        break;","","","","    // run node js-env code - init-after","    /* istanbul ignore next */","    case 'node':","        local.testCase_buildApidoc_default = local.testCase_buildApidoc_default || function (","            options,","            onError","        ) {","        /*","         * this function will test buildApidoc's default handling-behavior-behavior","         */","            options = { modulePathList: module.paths };","            local.buildApidoc(options, onError);","        };","","        local.testCase_buildApp_default = local.testCase_buildApp_default || function (","            options,","            onError","        ) {","        /*","         * this function will test buildApp's default handling-behavior-behavior","         */","            local.testCase_buildReadme_default(options, local.onErrorThrow);","            local.testCase_buildLib_default(options, local.onErrorThrow);","            local.testCase_buildTest_default(options, local.onErrorThrow);","            local.testCase_buildCustomOrg_default(options, local.onErrorThrow);","            options = [];","            local.buildApp(options, onError);","        };","","        local.testCase_buildCustomOrg_default = local.testCase_buildCustomOrg_default ||","            function (options, onError) {","            /*","             * this function will test buildCustomOrg's default handling-behavior","             */","                options = {};","                local.buildCustomOrg(options, onError);","            };","","        local.testCase_buildLib_default = local.testCase_buildLib_default || function (","            options,","            onError","        ) {","        /*","         * this function will test buildLib's default handling-behavior","         */","            options = {};","            local.buildLib(options, onError);","        };","","        local.testCase_buildReadme_default = local.testCase_buildReadme_default || function (","            options,","            onError","        ) {","        /*","         * this function will test buildReadme's default handling-behavior-behavior","         */","            options = {};","            local.buildReadme(options, onError);","        };","","        local.testCase_buildTest_default = local.testCase_buildTest_default || function (","            options,","            onError","        ) {","        /*","         * this function will test buildTest's default handling-behavior","         */","            options = {};","            local.buildTest(options, onError);","        };","","        local.testCase_webpage_default = local.testCase_webpage_default || function (","            options,","            onError","        ) {","        /*","         * this function will test webpage's default handling-behavior","         */","            options = { modeCoverageMerge: true, url: local.serverLocalHost + '?modeTest=1' };","            local.browserTest(options, onError);","        };","","        // run test-server","        local.testRunServer(local);","        break;","    }","}());",""],"l":{"12":2,"14":2,"19":2,"21":2,"23":2,"24":2,"25":2,"30":1,"37":2,"40":2,"43":1,"47":1,"50":1,"52":1,"55":2,"61":2,"62":2,"64":2,"70":1,"76":1,"82":2,"83":2,"85":2,"91":1,"98":1,"102":1,"105":1,"112":1,"119":1,"120":1,"123":1,"130":1,"131":1,"132":1,"133":1,"134":1,"135":1,"138":1,"143":2,"144":2,"147":1,"154":2,"155":2,"158":1,"165":2,"166":2,"169":1,"176":2,"177":2,"180":1,"187":1,"188":1,"192":1,"193":1}},"/home/travis/build/npmtest/node-npmtest-exif/lib.npmtest_exif.js":{"path":"/home/travis/build/npmtest/node-npmtest-exif/lib.npmtest_exif.js","s":{"1":2,"2":2,"3":2,"4":2,"5":2,"6":2,"7":2,"8":1,"9":2,"10":2,"11":2,"12":2,"13":1,"14":1,"15":1,"16":1},"b":{"1":[2,1,1,1],"2":[1,1,1,1],"3":[1,1],"4":[2,2],"5":[1,1]},"f":{"1":2,"2":2,"3":2},"fnMap":{"1":{"name":"(anonymous_1)","line":12,"loc":{"start":{"line":12,"column":1},"end":{"line":12,"column":13}}},"2":{"name":"(anonymous_2)","line":19,"loc":{"start":{"line":19,"column":5},"end":{"line":19,"column":17}}},"3":{"name":"(anonymous_3)","line":23,"loc":{"start":{"line":23,"column":24},"end":{"line":23,"column":36}}}},"statementMap":{"1":{"start":{"line":12,"column":0},"end":{"line":53,"column":5}},"2":{"start":{"line":14,"column":4},"end":{"line":14,"column":14}},"3":{"start":{"line":19,"column":4},"end":{"line":52,"column":9}},"4":{"start":{"line":21,"column":8},"end":{"line":21,"column":19}},"5":{"start":{"line":23,"column":8},"end":{"line":35,"column":13}},"6":{"start":{"line":24,"column":12},"end":{"line":34,"column":13}},"7":{"start":{"line":25,"column":16},"end":{"line":28,"column":30}},"8":{"start":{"line":30,"column":16},"end":{"line":33,"column":27}},"9":{"start":{"line":37,"column":8},"end":{"line":39,"column":21}},"10":{"start":{"line":41,"column":8},"end":{"line":41,"column":54}},"11":{"start":{"line":43,"column":8},"end":{"line":43,"column":49}},"12":{"start":{"line":45,"column":8},"end":{"line":51,"column":9}},"13":{"start":{"line":46,"column":12},"end":{"line":46,"column":55}},"14":{"start":{"line":48,"column":12},"end":{"line":48,"column":35}},"15":{"start":{"line":49,"column":12},"end":{"line":49,"column":49}},"16":{"start":{"line":50,"column":12},"end":{"line":50,"column":43}}},"branchMap":{"1":{"line":25,"type":"binary-expr","locations":[{"start":{"line":25,"column":23},"end":{"line":25,"column":62}},{"start":{"line":26,"column":20},"end":{"line":26,"column":70}},{"start":{"line":27,"column":20},"end":{"line":27,"column":71}},{"start":{"line":28,"column":20},"end":{"line":28,"column":29}}]},"2":{"line":30,"type":"binary-expr","locations":[{"start":{"line":30,"column":23},"end":{"line":30,"column":37}},{"start":{"line":31,"column":20},"end":{"line":31,"column":61}},{"start":{"line":32,"column":20},"end":{"line":32,"column":70}},{"start":{"line":33,"column":20},"end":{"line":33,"column":26}}]},"3":{"line":37,"type":"cond-expr","locations":[{"start":{"line":38,"column":14},"end":{"line":38,"column":20}},{"start":{"line":39,"column":14},"end":{"line":39,"column":20}}]},"4":{"line":41,"type":"binary-expr","locations":[{"start":{"line":41,"column":16},"end":{"line":41,"column":44}},{"start":{"line":41,"column":48},"end":{"line":41,"column":53}}]},"5":{"line":45,"type":"if","locations":[{"start":{"line":45,"column":8},"end":{"line":45,"column":8}},{"start":{"line":45,"column":8},"end":{"line":45,"column":8}}]}},"code":["/* istanbul instrument in package npmtest_exif */","/*jslint","    bitwise: true,","    browser: true,","    maxerr: 8,","    maxlen: 96,","    node: true,","    nomen: true,","    regexp: true,","    stupid: true","*/","(function () {","    'use strict';","    var local;","","","","    // run shared js-env code - init-before","    (function () {","        // init local","        local = {};","        // init modeJs","        local.modeJs = (function () {","            try {","                return typeof navigator.userAgent === 'string' &&","                    typeof document.querySelector('body') === 'object' &&","                    typeof XMLHttpRequest.prototype.open === 'function' &&","                    'browser';","            } catch (errorCaughtBrowser) {","                return module.exports &&","                    typeof process.versions.node === 'string' &&","                    typeof require('http').createServer === 'function' &&","                    'node';","            }","        }());","        // init global","        local.global = local.modeJs === 'browser'","            ? window","            : global;","        // init utility2_rollup","        local = local.global.utility2_rollup || local;","        // init lib","        local.local = local.npmtest_exif = local;","        // init exports","        if (local.modeJs === 'browser') {","            local.global.utility2_npmtest_exif = local;","        } else {","            module.exports = local;","            module.exports.__dirname = __dirname;","            module.exports.module = module;","        }","    }());","}());",""],"l":{"12":2,"14":2,"19":2,"21":2,"23":2,"24":2,"25":2,"30":1,"37":2,"41":2,"43":2,"45":2,"46":1,"48":1,"49":1,"50":1}},"/home/travis/build/npmtest/node-npmtest-exif/example.js":{"path":"/home/travis/build/npmtest/node-npmtest-exif/example.js","s":{"1":2,"2":2,"3":2,"4":2,"5":2,"6":2,"7":2,"8":1,"9":2,"10":2,"11":2,"12":2,"13":1,"14":2,"15":2,"16":2,"17":2,"18":2,"19":0,"20":2,"21":1,"22":1,"23":1,"24":1,"25":1,"26":0,"27":0,"28":1,"29":1,"30":2,"31":0,"32":0,"33":0,"34":1,"35":2,"36":2,"37":3,"38":3,"39":3,"40":3,"41":0,"42":3,"43":3,"44":3,"45":1,"46":3,"47":1,"48":1,"49":1,"50":1,"51":1,"52":1,"53":1,"54":1,"55":1,"56":1,"57":0,"58":1,"59":6,"60":6,"61":1,"62":2,"63":0,"64":2,"65":1,"66":1,"67":0,"68":0,"69":0,"70":0,"71":0,"72":0,"73":0,"74":0,"75":0,"76":0,"77":0,"78":0,"79":0,"80":0,"81":0,"82":0,"83":0},"b":{"1":[2,1,1,1],"2":[1,1,1,1],"3":[1,1],"4":[2,2],"5":[1,1],"6":[1,1],"7":[2,0],"8":[2,1,1,1,1,1],"9":[0,2,0],"10":[1,1],"11":[2,1,1],"12":[1,0],"13":[0,2],"14":[2,0,0,0,0,0,0],"15":[0,3],"16":[3,0],"17":[1,1],"18":[0,1],"19":[1,2,0,2],"20":[1,0],"21":[1,1],"22":[0,0],"23":[0,0],"24":[0,0],"25":[0,0],"26":[0,0],"27":[0,0],"28":[0,0]},"f":{"1":2,"2":2,"3":2,"4":2,"5":2,"6":2,"7":3,"8":3,"9":3,"10":1,"11":6,"12":0},"fnMap":{"1":{"name":"(anonymous_1)","line":26,"loc":{"start":{"line":26,"column":1},"end":{"line":26,"column":13}}},"2":{"name":"(anonymous_2)","line":33,"loc":{"start":{"line":33,"column":5},"end":{"line":33,"column":17}}},"3":{"name":"(anonymous_3)","line":37,"loc":{"start":{"line":37,"column":24},"end":{"line":37,"column":36}}},"4":{"name":"(anonymous_4)","line":69,"loc":{"start":{"line":69,"column":31},"end":{"line":69,"column":48}},"skip":true},"5":{"name":"(anonymous_5)","line":78,"loc":{"start":{"line":78,"column":26},"end":{"line":78,"column":45}},"skip":true},"6":{"name":"(anonymous_6)","line":123,"loc":{"start":{"line":123,"column":33},"end":{"line":123,"column":48}},"skip":true},"7":{"name":"(anonymous_7)","line":125,"loc":{"start":{"line":125,"column":27},"end":{"line":125,"column":39}},"skip":true},"8":{"name":"(anonymous_8)","line":133,"loc":{"start":{"line":133,"column":59},"end":{"line":133,"column":74}},"skip":true},"9":{"name":"(anonymous_9)","line":143,"loc":{"start":{"line":143,"column":45},"end":{"line":143,"column":62}},"skip":true},"10":{"name":"(anonymous_10)","line":144,"loc":{"start":{"line":144,"column":73},"end":{"line":144,"column":92}},"skip":true},"11":{"name":"(anonymous_11)","line":272,"loc":{"start":{"line":272,"column":51},"end":{"line":272,"column":77}},"skip":true},"12":{"name":"(anonymous_12)","line":315,"loc":{"start":{"line":315,"column":32},"end":{"line":315,"column":61}},"skip":true}},"statementMap":{"1":{"start":{"line":26,"column":0},"end":{"line":326,"column":5}},"2":{"start":{"line":28,"column":4},"end":{"line":28,"column":14}},"3":{"start":{"line":33,"column":4},"end":{"line":60,"column":9}},"4":{"start":{"line":35,"column":8},"end":{"line":35,"column":19}},"5":{"start":{"line":37,"column":8},"end":{"line":49,"column":13}},"6":{"start":{"line":38,"column":12},"end":{"line":48,"column":13}},"7":{"start":{"line":39,"column":16},"end":{"line":42,"column":30}},"8":{"start":{"line":44,"column":16},"end":{"line":47,"column":27}},"9":{"start":{"line":51,"column":8},"end":{"line":53,"column":21}},"10":{"start":{"line":55,"column":8},"end":{"line":57,"column":45}},"11":{"start":{"line":59,"column":8},"end":{"line":59,"column":35}},"12":{"start":{"line":61,"column":4},"end":{"line":325,"column":5}},"13":{"start":{"line":69,"column":8},"end":{"line":121,"column":10},"skip":true},"14":{"start":{"line":70,"column":12},"end":{"line":88,"column":13},"skip":true},"15":{"start":{"line":76,"column":16},"end":{"line":87,"column":19},"skip":true},"16":{"start":{"line":79,"column":20},"end":{"line":86,"column":21},"skip":true},"17":{"start":{"line":82,"column":24},"end":{"line":82,"column":43},"skip":true},"18":{"start":{"line":83,"column":24},"end":{"line":83,"column":30},"skip":true},"19":{"start":{"line":85,"column":24},"end":{"line":85,"column":49},"skip":true},"20":{"start":{"line":89,"column":12},"end":{"line":107,"column":13},"skip":true},"21":{"start":{"line":92,"column":16},"end":{"line":102,"column":17},"skip":true},"22":{"start":{"line":93,"column":20},"end":{"line":93,"column":86},"skip":true},"23":{"start":{"line":94,"column":20},"end":{"line":95,"column":45},"skip":true},"24":{"start":{"line":96,"column":20},"end":{"line":96,"column":42},"skip":true},"25":{"start":{"line":97,"column":20},"end":{"line":97,"column":48},"skip":true},"26":{"start":{"line":100,"column":20},"end":{"line":100,"column":85},"skip":true},"27":{"start":{"line":101,"column":20},"end":{"line":101,"column":96},"skip":true},"28":{"start":{"line":103,"column":16},"end":{"line":103,"column":22},"skip":true},"29":{"start":{"line":106,"column":16},"end":{"line":106,"column":22},"skip":true},"30":{"start":{"line":108,"column":12},"end":{"line":120,"column":13},"skip":true},"31":{"start":{"line":114,"column":16},"end":{"line":119,"column":17},"skip":true},"32":{"start":{"line":116,"column":20},"end":{"line":116,"column":78},"skip":true},"33":{"start":{"line":118,"column":20},"end":{"line":118,"column":47},"skip":true},"34":{"start":{"line":123,"column":8},"end":{"line":141,"column":11},"skip":true},"35":{"start":{"line":124,"column":12},"end":{"line":124,"column":54},"skip":true},"36":{"start":{"line":125,"column":12},"end":{"line":140,"column":14},"skip":true},"37":{"start":{"line":126,"column":16},"end":{"line":126,"column":28},"skip":true},"38":{"start":{"line":127,"column":16},"end":{"line":127,"column":69},"skip":true},"39":{"start":{"line":128,"column":16},"end":{"line":128,"column":75},"skip":true},"40":{"start":{"line":129,"column":16},"end":{"line":131,"column":17},"skip":true},"41":{"start":{"line":130,"column":20},"end":{"line":130,"column":27},"skip":true},"42":{"start":{"line":133,"column":16},"end":{"line":137,"column":36},"skip":true},"43":{"start":{"line":134,"column":20},"end":{"line":136,"column":55},"skip":true},"44":{"start":{"line":139,"column":16},"end":{"line":139,"column":57},"skip":true},"45":{"start":{"line":143,"column":8},"end":{"line":147,"column":11},"skip":true},"46":{"start":{"line":144,"column":12},"end":{"line":146,"column":15},"skip":true},"47":{"start":{"line":145,"column":16},"end":{"line":145,"column":70},"skip":true},"48":{"start":{"line":149,"column":8},"end":{"line":149,"column":31},"skip":true},"49":{"start":{"line":150,"column":8},"end":{"line":150,"column":14},"skip":true},"50":{"start":{"line":158,"column":8},"end":{"line":158,"column":31},"skip":true},"51":{"start":{"line":160,"column":8},"end":{"line":160,"column":33},"skip":true},"52":{"start":{"line":161,"column":8},"end":{"line":161,"column":37},"skip":true},"53":{"start":{"line":162,"column":8},"end":{"line":162,"column":35},"skip":true},"54":{"start":{"line":164,"column":8},"end":{"line":164,"column":50},"skip":true},"55":{"start":{"line":166,"column":8},"end":{"line":256,"column":2},"skip":true},"56":{"start":{"line":258,"column":8},"end":{"line":286,"column":9},"skip":true},"57":{"start":{"line":259,"column":12},"end":{"line":269,"column":14},"skip":true},"58":{"start":{"line":271,"column":12},"end":{"line":285,"column":19},"skip":true},"59":{"start":{"line":274,"column":20},"end":{"line":274,"column":35},"skip":true},"60":{"start":{"line":275,"column":20},"end":{"line":284,"column":21},"skip":true},"61":{"start":{"line":277,"column":24},"end":{"line":277,"column":64},"skip":true},"62":{"start":{"line":279,"column":24},"end":{"line":279,"column":40},"skip":true},"63":{"start":{"line":281,"column":24},"end":{"line":281,"column":40},"skip":true},"64":{"start":{"line":283,"column":24},"end":{"line":283,"column":39},"skip":true},"65":{"start":{"line":288,"column":8},"end":{"line":290,"column":9},"skip":true},"66":{"start":{"line":289,"column":12},"end":{"line":289,"column":18},"skip":true},"67":{"start":{"line":291,"column":8},"end":{"line":293,"column":54},"skip":true},"68":{"start":{"line":296,"column":8},"end":{"line":301,"column":37},"skip":true},"69":{"start":{"line":303,"column":8},"end":{"line":303,"column":82},"skip":true},"70":{"start":{"line":306,"column":8},"end":{"line":308,"column":9},"skip":true},"71":{"start":{"line":307,"column":12},"end":{"line":307,"column":82},"skip":true},"72":{"start":{"line":310,"column":8},"end":{"line":312,"column":9},"skip":true},"73":{"start":{"line":311,"column":12},"end":{"line":311,"column":18},"skip":true},"74":{"start":{"line":313,"column":8},"end":{"line":313,"column":54},"skip":true},"75":{"start":{"line":314,"column":8},"end":{"line":314,"column":69},"skip":true},"76":{"start":{"line":315,"column":8},"end":{"line":323,"column":36},"skip":true},"77":{"start":{"line":316,"column":12},"end":{"line":316,"column":61},"skip":true},"78":{"start":{"line":317,"column":12},"end":{"line":320,"column":13},"skip":true},"79":{"start":{"line":318,"column":16},"end":{"line":318,"column":75},"skip":true},"80":{"start":{"line":319,"column":16},"end":{"line":319,"column":23},"skip":true},"81":{"start":{"line":321,"column":12},"end":{"line":321,"column":38},"skip":true},"82":{"start":{"line":322,"column":12},"end":{"line":322,"column":27},"skip":true},"83":{"start":{"line":324,"column":8},"end":{"line":324,"column":14},"skip":true}},"branchMap":{"1":{"line":39,"type":"binary-expr","locations":[{"start":{"line":39,"column":23},"end":{"line":39,"column":62}},{"start":{"line":40,"column":20},"end":{"line":40,"column":70}},{"start":{"line":41,"column":20},"end":{"line":41,"column":71}},{"start":{"line":42,"column":20},"end":{"line":42,"column":29}}]},"2":{"line":44,"type":"binary-expr","locations":[{"start":{"line":44,"column":23},"end":{"line":44,"column":37}},{"start":{"line":45,"column":20},"end":{"line":45,"column":61}},{"start":{"line":46,"column":20},"end":{"line":46,"column":70}},{"start":{"line":47,"column":20},"end":{"line":47,"column":26}}]},"3":{"line":51,"type":"cond-expr","locations":[{"start":{"line":52,"column":14},"end":{"line":52,"column":20}},{"start":{"line":53,"column":14},"end":{"line":53,"column":20}}]},"4":{"line":55,"type":"binary-expr","locations":[{"start":{"line":55,"column":16},"end":{"line":55,"column":44}},{"start":{"line":55,"column":49},"end":{"line":57,"column":43}}]},"5":{"line":55,"type":"cond-expr","locations":[{"start":{"line":56,"column":14},"end":{"line":56,"column":48}},{"start":{"line":57,"column":14},"end":{"line":57,"column":43}}]},"6":{"line":61,"type":"switch","locations":[{"start":{"line":68,"column":4},"end":{"line":150,"column":14},"skip":true},{"start":{"line":156,"column":4},"end":{"line":324,"column":14},"skip":true}]},"7":{"line":70,"type":"if","locations":[{"start":{"line":70,"column":12},"end":{"line":70,"column":12},"skip":true},{"start":{"line":70,"column":12},"end":{"line":70,"column":12},"skip":true}]},"8":{"line":70,"type":"binary-expr","locations":[{"start":{"line":70,"column":16},"end":{"line":70,"column":22},"skip":true},{"start":{"line":70,"column":27},"end":{"line":70,"column":32},"skip":true},{"start":{"line":71,"column":20},"end":{"line":71,"column":39},"skip":true},{"start":{"line":72,"column":20},"end":{"line":72,"column":49},"skip":true},{"start":{"line":73,"column":20},"end":{"line":73,"column":58},"skip":true},{"start":{"line":74,"column":20},"end":{"line":74,"column":69},"skip":true}]},"9":{"line":79,"type":"switch","locations":[{"start":{"line":80,"column":20},"end":{"line":80,"column":33},"skip":true},{"start":{"line":81,"column":20},"end":{"line":83,"column":30},"skip":true},{"start":{"line":84,"column":20},"end":{"line":85,"column":49},"skip":true}]},"10":{"line":89,"type":"switch","locations":[{"start":{"line":90,"column":12},"end":{"line":103,"column":22},"skip":true},{"start":{"line":105,"column":12},"end":{"line":106,"column":22},"skip":true}]},"11":{"line":89,"type":"binary-expr","locations":[{"start":{"line":89,"column":20},"end":{"line":89,"column":25},"skip":true},{"start":{"line":89,"column":29},"end":{"line":89,"column":48},"skip":true},{"start":{"line":89,"column":52},"end":{"line":89,"column":74},"skip":true}]},"12":{"line":92,"type":"if","locations":[{"start":{"line":92,"column":16},"end":{"line":92,"column":16},"skip":true},{"start":{"line":92,"column":16},"end":{"line":92,"column":16},"skip":true}]},"13":{"line":108,"type":"if","locations":[{"start":{"line":108,"column":12},"end":{"line":108,"column":12},"skip":true},{"start":{"line":108,"column":12},"end":{"line":108,"column":12},"skip":true}]},"14":{"line":108,"type":"binary-expr","locations":[{"start":{"line":108,"column":16},"end":{"line":108,"column":61},"skip":true},{"start":{"line":108,"column":66},"end":{"line":108,"column":72},"skip":true},{"start":{"line":108,"column":77},"end":{"line":108,"column":82},"skip":true},{"start":{"line":109,"column":20},"end":{"line":109,"column":39},"skip":true},{"start":{"line":110,"column":20},"end":{"line":110,"column":49},"skip":true},{"start":{"line":111,"column":20},"end":{"line":111,"column":58},"skip":true},{"start":{"line":112,"column":20},"end":{"line":112,"column":68},"skip":true}]},"15":{"line":129,"type":"if","locations":[{"start":{"line":129,"column":16},"end":{"line":129,"column":16},"skip":true},{"start":{"line":129,"column":16},"end":{"line":129,"column":16},"skip":true}]},"16":{"line":134,"type":"cond-expr","locations":[{"start":{"line":135,"column":26},"end":{"line":135,"column":29},"skip":true},{"start":{"line":136,"column":26},"end":{"line":136,"column":54},"skip":true}]},"17":{"line":164,"type":"binary-expr","locations":[{"start":{"line":164,"column":27},"end":{"line":164,"column":43},"skip":true},{"start":{"line":164,"column":47},"end":{"line":164,"column":49},"skip":true}]},"18":{"line":258,"type":"if","locations":[{"start":{"line":258,"column":8},"end":{"line":258,"column":8},"skip":true},{"start":{"line":258,"column":8},"end":{"line":258,"column":8},"skip":true}]},"19":{"line":275,"type":"switch","locations":[{"start":{"line":276,"column":20},"end":{"line":277,"column":64},"skip":true},{"start":{"line":278,"column":20},"end":{"line":279,"column":40},"skip":true},{"start":{"line":280,"column":20},"end":{"line":281,"column":40},"skip":true},{"start":{"line":282,"column":20},"end":{"line":283,"column":39},"skip":true}]},"20":{"line":288,"type":"if","locations":[{"start":{"line":288,"column":8},"end":{"line":288,"column":8},"skip":true},{"start":{"line":288,"column":8},"end":{"line":288,"column":8},"skip":true}]},"21":{"line":288,"type":"binary-expr","locations":[{"start":{"line":288,"column":12},"end":{"line":288,"column":40},"skip":true},{"start":{"line":288,"column":44},"end":{"line":288,"column":67},"skip":true}]},"22":{"line":292,"type":"binary-expr","locations":[{"start":{"line":292,"column":12},"end":{"line":292,"column":50},"skip":true},{"start":{"line":293,"column":12},"end":{"line":293,"column":53},"skip":true}]},"23":{"line":297,"type":"binary-expr","locations":[{"start":{"line":297,"column":12},"end":{"line":297,"column":62},"skip":true},{"start":{"line":298,"column":12},"end":{"line":301,"column":36},"skip":true}]},"24":{"line":303,"type":"binary-expr","locations":[{"start":{"line":303,"column":43},"end":{"line":303,"column":75},"skip":true},{"start":{"line":303,"column":79},"end":{"line":303,"column":81},"skip":true}]},"25":{"line":306,"type":"if","locations":[{"start":{"line":306,"column":8},"end":{"line":306,"column":8},"skip":true},{"start":{"line":306,"column":8},"end":{"line":306,"column":8},"skip":true}]},"26":{"line":310,"type":"if","locations":[{"start":{"line":310,"column":8},"end":{"line":310,"column":8},"skip":true},{"start":{"line":310,"column":8},"end":{"line":310,"column":8},"skip":true}]},"27":{"line":313,"type":"binary-expr","locations":[{"start":{"line":313,"column":27},"end":{"line":313,"column":43},"skip":true},{"start":{"line":313,"column":47},"end":{"line":313,"column":53},"skip":true}]},"28":{"line":317,"type":"if","locations":[{"start":{"line":317,"column":12},"end":{"line":317,"column":12},"skip":true},{"start":{"line":317,"column":12},"end":{"line":317,"column":12},"skip":true}]}},"code":["/*","example.js","","quickstart example","","instruction","    1. save this script as example.js","    2. run the shell command:","        $ npm install npmtest-exif && PORT=8081 node example.js","    3. play with the browser-demo on http://127.0.0.1:8081","*/","","","","/* istanbul instrument in package npmtest_exif */","/*jslint","    bitwise: true,","    browser: true,","    maxerr: 8,","    maxlen: 96,","    node: true,","    nomen: true,","    regexp: true,","    stupid: true","*/","(function () {","    'use strict';","    var local;","","","","    // run shared js-env code - init-before","    (function () {","        // init local","        local = {};","        // init modeJs","        local.modeJs = (function () {","            try {","                return typeof navigator.userAgent === 'string' &&","                    typeof document.querySelector('body') === 'object' &&","                    typeof XMLHttpRequest.prototype.open === 'function' &&","                    'browser';","            } catch (errorCaughtBrowser) {","                return module.exports &&","                    typeof process.versions.node === 'string' &&","                    typeof require('http').createServer === 'function' &&","                    'node';","            }","        }());","        // init global","        local.global = local.modeJs === 'browser'","            ? window","            : global;","        // init utility2_rollup","        local = local.global.utility2_rollup || (local.modeJs === 'browser'","            ? local.global.utility2_npmtest_exif","            : global.utility2_moduleExports);","        // export local","        local.global.local = local;","    }());","    switch (local.modeJs) {","","","","    // init-after","    // run browser js-env code - init-after","    /* istanbul ignore next */","    case 'browser':","        local.testRunBrowser = function (event) {","            if (!event || (event &&","                    event.currentTarget &&","                    event.currentTarget.className &&","                    event.currentTarget.className.includes &&","                    event.currentTarget.className.includes('onreset'))) {","                // reset output","                Array.from(","                    document.querySelectorAll('body > .resettable')","                ).forEach(function (element) {","                    switch (element.tagName) {","                    case 'INPUT':","                    case 'TEXTAREA':","                        element.value = '';","                        break;","                    default:","                        element.textContent = '';","                    }","                });","            }","            switch (event && event.currentTarget && event.currentTarget.id) {","            case 'testRunButton1':","                // show tests","                if (document.querySelector('#testReportDiv1').style.display === 'none') {","                    document.querySelector('#testReportDiv1').style.display = 'block';","                    document.querySelector('#testRunButton1').textContent =","                        'hide internal test';","                    local.modeTest = true;","                    local.testRunDefault(local);","                // hide tests","                } else {","                    document.querySelector('#testReportDiv1').style.display = 'none';","                    document.querySelector('#testRunButton1').textContent = 'run internal test';","                }","                break;","            // custom-case","            default:","                break;","            }","            if (document.querySelector('#inputTextareaEval1') && (!event || (event &&","                    event.currentTarget &&","                    event.currentTarget.className &&","                    event.currentTarget.className.includes &&","                    event.currentTarget.className.includes('oneval')))) {","                // try to eval input-code","                try {","                    /*jslint evil: true*/","                    eval(document.querySelector('#inputTextareaEval1').value);","                } catch (errorCaught) {","                    console.error(errorCaught);","                }","            }","        };","        // log stderr and stdout to #outputTextareaStdout1","        ['error', 'log'].forEach(function (key) {","            console[key + '_original'] = console[key];","            console[key] = function () {","                var element;","                console[key + '_original'].apply(console, arguments);","                element = document.querySelector('#outputTextareaStdout1');","                if (!element) {","                    return;","                }","                // append text to #outputTextareaStdout1","                element.value += Array.from(arguments).map(function (arg) {","                    return typeof arg === 'string'","                        ? arg","                        : JSON.stringify(arg, null, 4);","                }).join(' ') + '\\n';","                // scroll textarea to bottom","                element.scrollTop = element.scrollHeight;","            };","        });","        // init event-handling","        ['change', 'click', 'keyup'].forEach(function (event) {","            Array.from(document.querySelectorAll('.on' + event)).forEach(function (element) {","                element.addEventListener(event, local.testRunBrowser);","            });","        });","        // run tests","        local.testRunBrowser();","        break;","","","","    // run node js-env code - init-after","    /* istanbul ignore next */","    case 'node':","        // export local","        module.exports = local;","        // require modules","        local.fs = require('fs');","        local.http = require('http');","        local.url = require('url');","        // init assets","        local.assetsDict = local.assetsDict || {};","        /* jslint-ignore-begin */","        local.assetsDict['/assets.index.template.html'] = '\\","<!doctype html>\\n\\","<html lang=\"en\">\\n\\","<head>\\n\\","<meta charset=\"UTF-8\">\\n\\","<meta name=\"viewport\" content=\"width=device-width, initial-scale=1\">\\n\\","<title>{{env.npm_package_name}} (v{{env.npm_package_version}})</title>\\n\\","<style>\\n\\","/*csslint\\n\\","    box-sizing: false,\\n\\","    universal-selector: false\\n\\","*/\\n\\","* {\\n\\","    box-sizing: border-box;\\n\\","}\\n\\","body {\\n\\","    background: #dde;\\n\\","    font-family: Arial, Helvetica, sans-serif;\\n\\","    margin: 2rem;\\n\\","}\\n\\","body > * {\\n\\","    margin-bottom: 1rem;\\n\\","}\\n\\",".utility2FooterDiv {\\n\\","    margin-top: 20px;\\n\\","    text-align: center;\\n\\","}\\n\\","</style>\\n\\","<style>\\n\\","/*csslint\\n\\","*/\\n\\","textarea {\\n\\","    font-family: monospace;\\n\\","    height: 10rem;\\n\\","    width: 100%;\\n\\","}\\n\\","textarea[readonly] {\\n\\","    background: #ddd;\\n\\","}\\n\\","</style>\\n\\","</head>\\n\\","<body>\\n\\","<!-- utility2-comment\\n\\","<div id=\"ajaxProgressDiv1\" style=\"background: #d00; height: 2px; left: 0; margin: 0; padding: 0; position: fixed; top: 0; transition: background 0.5s, width 1.5s; width: 25%;\"></div>\\n\\","utility2-comment -->\\n\\","<h1>\\n\\","<!-- utility2-comment\\n\\","    <a\\n\\","        {{#if env.npm_package_homepage}}\\n\\","        href=\"{{env.npm_package_homepage}}\"\\n\\","        {{/if env.npm_package_homepage}}\\n\\","        target=\"_blank\"\\n\\","    >\\n\\","utility2-comment -->\\n\\","        {{env.npm_package_name}} (v{{env.npm_package_version}})\\n\\","<!-- utility2-comment\\n\\","    </a>\\n\\","utility2-comment -->\\n\\","</h1>\\n\\","<h3>{{env.npm_package_description}}</h3>\\n\\","<!-- utility2-comment\\n\\","<h4><a download href=\"assets.app.js\">download standalone app</a></h4>\\n\\","<button class=\"onclick onreset\" id=\"testRunButton1\">run internal test</button><br>\\n\\","<div id=\"testReportDiv1\" style=\"display: none;\"></div>\\n\\","utility2-comment -->\\n\\","\\n\\","\\n\\","\\n\\","<label>stderr and stdout</label>\\n\\","<textarea class=\"resettable\" id=\"outputTextareaStdout1\" readonly></textarea>\\n\\","<!-- utility2-comment\\n\\","{{#if isRollup}}\\n\\","<script src=\"assets.app.js\"></script>\\n\\","{{#unless isRollup}}\\n\\","utility2-comment -->\\n\\","<script src=\"assets.utility2.rollup.js\"></script>\\n\\","<script src=\"jsonp.utility2._stateInit?callback=window.utility2._stateInit\"></script>\\n\\","<script src=\"assets.npmtest_exif.rollup.js\"></script>\\n\\","<script src=\"assets.example.js\"></script>\\n\\","<script src=\"assets.test.js\"></script>\\n\\","<!-- utility2-comment\\n\\","{{/if isRollup}}\\n\\","utility2-comment -->\\n\\","<div class=\"utility2FooterDiv\">\\n\\","    [ this app was created with\\n\\","    <a href=\"https://github.com/kaizhu256/node-utility2\" target=\"_blank\">utility2</a>\\n\\","    ]\\n\\","</div>\\n\\","</body>\\n\\","</html>\\n\\","';","        /* jslint-ignore-end */","        if (local.templateRender) {","            local.assetsDict['/'] = local.templateRender(","                local.assetsDict['/assets.index.template.html'],","                {","                    env: local.objectSetDefault(local.env, {","                        npm_package_description: 'the greatest app in the world!',","                        npm_package_name: 'my-app',","                        npm_package_nameAlias: 'my_app',","                        npm_package_version: '0.0.1'","                    })","                }","            );","        } else {","            local.assetsDict['/'] = local.assetsDict['/assets.index.template.html']","                .replace((/\\{\\{env\\.(\\w+?)\\}\\}/g), function (match0, match1) {","                    // jslint-hack","                    String(match0);","                    switch (match1) {","                    case 'npm_package_description':","                        return 'the greatest app in the world!';","                    case 'npm_package_name':","                        return 'my-app';","                    case 'npm_package_nameAlias':","                        return 'my_app';","                    case 'npm_package_version':","                        return '0.0.1';","                    }","                });","        }","        // run the cli","        if (local.global.utility2_rollup || module !== require.main) {","            break;","        }","        local.assetsDict['/assets.example.js'] =","            local.assetsDict['/assets.example.js'] ||","            local.fs.readFileSync(__filename, 'utf8');","        // bug-workaround - long $npm_package_buildCustomOrg","        /* jslint-ignore-begin */","        local.assetsDict['/assets.npmtest_exif.rollup.js'] =","            local.assetsDict['/assets.npmtest_exif.rollup.js'] ||","            local.fs.readFileSync(","                local.npmtest_exif.__dirname + '/lib.npmtest_exif.js',","                'utf8'","            ).replace((/^#!/), '//');","        /* jslint-ignore-end */","        local.assetsDict['/favicon.ico'] = local.assetsDict['/favicon.ico'] || '';","        // if $npm_config_timeout_exit exists,","        // then exit this process after $npm_config_timeout_exit ms","        if (Number(process.env.npm_config_timeout_exit)) {","            setTimeout(process.exit, Number(process.env.npm_config_timeout_exit));","        }","        // start server","        if (local.global.utility2_serverHttp1) {","            break;","        }","        process.env.PORT = process.env.PORT || '8081';","        console.error('server starting on port ' + process.env.PORT);","        local.http.createServer(function (request, response) {","            request.urlParsed = local.url.parse(request.url);","            if (local.assetsDict[request.urlParsed.pathname] !== undefined) {","                response.end(local.assetsDict[request.urlParsed.pathname]);","                return;","            }","            response.statusCode = 404;","            response.end();","        }).listen(process.env.PORT);","        break;","    }","}());",""],"l":{"26":2,"28":2,"33":2,"35":2,"37":2,"38":2,"39":2,"44":1,"51":2,"55":2,"59":2,"61":2,"69":1,"70":2,"76":2,"79":2,"82":2,"83":2,"85":1,"89":2,"92":1,"93":1,"94":1,"96":1,"97":1,"100":1,"101":1,"103":1,"106":1,"108":2,"114":1,"116":1,"118":1,"123":1,"124":2,"125":2,"126":3,"127":3,"128":3,"129":3,"130":1,"133":3,"134":3,"139":3,"143":1,"144":3,"145":1,"149":1,"150":1,"158":1,"160":1,"161":1,"162":1,"164":1,"166":1,"258":1,"259":1,"271":1,"274":6,"275":6,"277":1,"279":2,"281":1,"283":2,"288":1,"289":1,"291":1,"296":1,"303":1,"306":1,"307":1,"310":1,"311":1,"313":1,"314":1,"315":1,"316":1,"317":1,"318":1,"319":1,"321":1,"322":1,"324":1}},"/home/travis/build/npmtest/node-npmtest-exif/node_modules/exif/lib/exif/index.js":{"path":"/home/travis/build/npmtest/node-npmtest-exif/node_modules/exif/lib/exif/index.js","s":{"1":1},"b":{},"f":{},"fnMap":{},"statementMap":{"1":{"start":{"line":1,"column":0},"end":{"line":1,"column":40}}},"branchMap":{},"code":["module.exports = require('./ExifImage');"],"l":{"1":1}},"/home/travis/build/npmtest/node-npmtest-exif/node_modules/exif/lib/exif/ExifImage.js":{"path":"/home/travis/build/npmtest/node-npmtest-exif/node_modules/exif/lib/exif/ExifImage.js","s":{"1":1,"2":1,"3":1,"4":1,"5":1,"6":1,"7":1,"8":0,"9":0,"10":0,"11":0,"12":0,"13":0,"14":0,"15":0,"16":0,"17":0,"18":0,"19":0,"20":0,"21":0,"22":0,"23":0,"24":0,"25":0,"26":0,"27":0,"28":0,"29":0,"30":0,"31":0,"32":0,"33":0,"34":0,"35":0,"36":0,"37":0,"38":0,"39":0,"40":0,"41":0,"42":0,"43":0,"44":1,"45":1,"46":1,"47":0,"48":0,"49":0,"50":0,"51":0,"52":0,"53":0,"54":0,"55":0,"56":0,"57":0,"58":0,"59":0,"60":0,"61":1,"62":0,"63":0,"64":0,"65":0,"66":0,"67":0,"68":0,"69":0,"70":0,"71":0,"72":0,"73":0,"74":0,"75":0,"76":0,"77":0,"78":0,"79":0,"80":0,"81":0,"82":0,"83":0,"84":0,"85":0,"86":0,"87":0,"88":0,"89":0,"90":0,"91":1,"92":0,"93":0,"94":0,"95":0,"96":0,"97":0,"98":0,"99":0,"100":0,"101":0,"102":0,"103":0,"104":0,"105":0,"106":0,"107":0,"108":0,"109":0,"110":0,"111":0,"112":0,"113":0,"114":0,"115":0,"116":0,"117":0,"118":0,"119":0,"120":0,"121":0,"122":0,"123":0,"124":0,"125":0,"126":0,"127":0,"128":0,"129":0,"130":0,"131":0,"132":0,"133":0,"134":0,"135":0,"136":0,"137":0,"138":0,"139":0,"140":0,"141":0,"142":0,"143":0,"144":0,"145":0,"146":0,"147":0,"148":0,"149":0,"150":0,"151":0,"152":0,"153":0,"154":0,"155":0,"156":0,"157":0,"158":0,"159":0,"160":0,"161":0,"162":0,"163":0,"164":0,"165":0,"166":0,"167":0,"168":0,"169":0,"170":0,"171":0,"172":0,"173":0,"174":0,"175":0,"176":0,"177":0,"178":0,"179":0,"180":0,"181":0,"182":0,"183":0,"184":0,"185":0,"186":0,"187":0,"188":0,"189":0,"190":0,"191":0,"192":0,"193":0,"194":0,"195":0,"196":0,"197":0,"198":0,"199":0,"200":0,"201":0,"202":0,"203":0,"204":0,"205":0,"206":0,"207":0,"208":1,"209":0,"210":0,"211":0,"212":0,"213":0,"214":0,"215":0,"216":0,"217":0,"218":0,"219":0,"220":0,"221":0,"222":0,"223":0,"224":0,"225":0,"226":0,"227":0,"228":0,"229":0,"230":0,"231":0,"232":0,"233":0,"234":0,"235":0,"236":0,"237":0,"238":0,"239":0,"240":0,"241":0,"242":0,"243":0,"244":0,"245":0,"246":0,"247":0,"248":0,"249":0,"250":0,"251":0,"252":0,"253":0,"254":0,"255":0,"256":0,"257":0,"258":0,"259":0,"260":0,"261":0,"262":0,"263":0,"264":0,"265":0,"266":0,"267":1},"b":{"1":[0,0],"2":[0,0],"3":[0,0],"4":[0,0],"5":[0,0],"6":[0,0],"7":[0,0],"8":[0,0],"9":[0,0],"10":[0,0],"11":[0,0],"12":[0,0],"13":[0,0],"14":[0,0],"15":[0,0],"16":[0,0],"17":[0,0],"18":[0,0],"19":[0,0],"20":[0,0],"21":[0,0],"22":[0,0],"23":[0,0],"24":[0,0],"25":[0,0],"26":[0,0],"27":[0,0],"28":[0,0],"29":[0,0],"30":[0,0],"31":[0,0],"32":[0,0],"33":[0,0],"34":[0,0],"35":[0,0],"36":[0,0],"37":[0,0],"38":[0,0],"39":[0,0],"40":[0,0],"41":[0,0],"42":[0,0],"43":[0,0],"44":[0,0],"45":[0,0],"46":[0,0],"47":[0,0],"48":[0,0],"49":[0,0],"50":[0,0],"51":[0,0],"52":[0,0],"53":[0,0],"54":[0,0],"55":[0,0],"56":[0,0],"57":[0,0],"58":[0,0],"59":[0,0],"60":[0,0,0],"61":[0,0],"62":[0,0],"63":[0,0],"64":[0,0],"65":[0,0,0,0,0,0,0,0,0,0,0],"66":[0,0],"67":[0,0],"68":[0,0],"69":[0,0],"70":[0,0],"71":[0,0],"72":[0,0],"73":[0,0],"74":[0,0],"75":[0,0],"76":[0,0]},"f":{"1":0,"2":0,"3":0,"4":0,"5":0,"6":0,"7":0,"8":0,"9":0,"10":0},"fnMap":{"1":{"name":"ExifImage","line":42,"loc":{"start":{"line":42,"column":0},"end":{"line":42,"column":39}}},"2":{"name":"(anonymous_2)","line":52,"loc":{"start":{"line":52,"column":43},"end":{"line":52,"column":65}}},"3":{"name":"(anonymous_3)","line":83,"loc":{"start":{"line":83,"column":98},"end":{"line":83,"column":110}}},"4":{"name":"(anonymous_4)","line":116,"loc":{"start":{"line":116,"column":15},"end":{"line":116,"column":26}}},"5":{"name":"(anonymous_5)","line":117,"loc":{"start":{"line":117,"column":30},"end":{"line":117,"column":57}}},"6":{"name":"(anonymous_6)","line":138,"loc":{"start":{"line":138,"column":32},"end":{"line":138,"column":59}}},"7":{"name":"(anonymous_7)","line":151,"loc":{"start":{"line":151,"column":23},"end":{"line":151,"column":46}}},"8":{"name":"(anonymous_8)","line":165,"loc":{"start":{"line":165,"column":35},"end":{"line":165,"column":69}}},"9":{"name":"(anonymous_9)","line":217,"loc":{"start":{"line":217,"column":38},"end":{"line":217,"column":69}}},"10":{"name":"(anonymous_10)","line":473,"loc":{"start":{"line":473,"column":39},"end":{"line":473,"column":99}}}},"statementMap":{"1":{"start":{"line":4,"column":0},"end":{"line":4,"column":31}},"2":{"start":{"line":5,"column":0},"end":{"line":5,"column":23}},"3":{"start":{"line":6,"column":0},"end":{"line":6,"column":27}},"4":{"start":{"line":7,"column":0},"end":{"line":7,"column":41}},"5":{"start":{"line":8,"column":0},"end":{"line":8,"column":37}},"6":{"start":{"line":10,"column":0},"end":{"line":10,"column":28}},"7":{"start":{"line":42,"column":0},"end":{"line":125,"column":1}},"8":{"start":{"line":43,"column":2},"end":{"line":61,"column":3}},"9":{"start":{"line":44,"column":4},"end":{"line":48,"column":5}},"10":{"start":{"line":45,"column":6},"end":{"line":47,"column":7}},"11":{"start":{"line":50,"column":4},"end":{"line":50,"column":65}},"12":{"start":{"line":52,"column":4},"end":{"line":58,"column":7}},"13":{"start":{"line":53,"column":6},"end":{"line":55,"column":7}},"14":{"start":{"line":54,"column":8},"end":{"line":54,"column":31}},"15":{"start":{"line":57,"column":6},"end":{"line":57,"column":42}},"16":{"start":{"line":60,"column":4},"end":{"line":60,"column":21}},"17":{"start":{"line":63,"column":2},"end":{"line":71,"column":3}},"18":{"start":{"line":64,"column":4},"end":{"line":66,"column":5}},"19":{"start":{"line":67,"column":9},"end":{"line":71,"column":3}},"20":{"start":{"line":68,"column":4},"end":{"line":70,"column":5}},"21":{"start":{"line":73,"column":2},"end":{"line":73,"column":13}},"22":{"start":{"line":74,"column":2},"end":{"line":78,"column":3}},"23":{"start":{"line":75,"column":4},"end":{"line":77,"column":5}},"24":{"start":{"line":76,"column":6},"end":{"line":76,"column":24}},"25":{"start":{"line":79,"column":2},"end":{"line":79,"column":19}},"26":{"start":{"line":82,"column":2},"end":{"line":87,"column":8}},"27":{"start":{"line":84,"column":7},"end":{"line":86,"column":8}},"28":{"start":{"line":85,"column":9},"end":{"line":85,"column":36}},"29":{"start":{"line":89,"column":2},"end":{"line":96,"column":4}},"30":{"start":{"line":98,"column":2},"end":{"line":98,"column":18}},"31":{"start":{"line":99,"column":2},"end":{"line":101,"column":3}},"32":{"start":{"line":100,"column":4},"end":{"line":100,"column":29}},"33":{"start":{"line":103,"column":2},"end":{"line":103,"column":42}},"34":{"start":{"line":105,"column":2},"end":{"line":109,"column":3}},"35":{"start":{"line":108,"column":4},"end":{"line":108,"column":11}},"36":{"start":{"line":111,"column":2},"end":{"line":113,"column":3}},"37":{"start":{"line":112,"column":4},"end":{"line":112,"column":64}},"38":{"start":{"line":115,"column":2},"end":{"line":115,"column":16}},"39":{"start":{"line":116,"column":2},"end":{"line":124,"column":5}},"40":{"start":{"line":117,"column":4},"end":{"line":123,"column":7}},"41":{"start":{"line":118,"column":6},"end":{"line":120,"column":7}},"42":{"start":{"line":119,"column":8},"end":{"line":119,"column":31}},"43":{"start":{"line":122,"column":6},"end":{"line":122,"column":42}},"44":{"start":{"line":127,"column":0},"end":{"line":127,"column":30}},"45":{"start":{"line":129,"column":0},"end":{"line":129,"column":27}},"46":{"start":{"line":138,"column":0},"end":{"line":163,"column":2}},"47":{"start":{"line":139,"column":2},"end":{"line":139,"column":71}},"48":{"start":{"line":141,"column":2},"end":{"line":141,"column":18}},"49":{"start":{"line":143,"column":2},"end":{"line":143,"column":35}},"50":{"start":{"line":145,"column":2},"end":{"line":148,"column":3}},"51":{"start":{"line":146,"column":4},"end":{"line":146,"column":49}},"52":{"start":{"line":147,"column":4},"end":{"line":147,"column":11}},"53":{"start":{"line":150,"column":2},"end":{"line":160,"column":3}},"54":{"start":{"line":151,"column":4},"end":{"line":158,"column":7}},"55":{"start":{"line":152,"column":6},"end":{"line":155,"column":7}},"56":{"start":{"line":153,"column":8},"end":{"line":153,"column":104}},"57":{"start":{"line":154,"column":8},"end":{"line":154,"column":15}},"58":{"start":{"line":157,"column":6},"end":{"line":157,"column":56}},"59":{"start":{"line":159,"column":4},"end":{"line":159,"column":11}},"60":{"start":{"line":162,"column":2},"end":{"line":162,"column":98}},"61":{"start":{"line":165,"column":0},"end":{"line":215,"column":2}},"62":{"start":{"line":166,"column":2},"end":{"line":166,"column":63}},"63":{"start":{"line":167,"column":2},"end":{"line":167,"column":71}},"64":{"start":{"line":169,"column":2},"end":{"line":169,"column":17}},"65":{"start":{"line":171,"column":2},"end":{"line":177,"column":3}},"66":{"start":{"line":172,"column":4},"end":{"line":172,"column":85}},"67":{"start":{"line":173,"column":4},"end":{"line":173,"column":20}},"68":{"start":{"line":174,"column":4},"end":{"line":174,"column":24}},"69":{"start":{"line":175,"column":4},"end":{"line":175,"column":16}},"70":{"start":{"line":176,"column":4},"end":{"line":176,"column":11}},"71":{"start":{"line":179,"column":2},"end":{"line":179,"column":26}},"72":{"start":{"line":181,"column":2},"end":{"line":208,"column":3}},"73":{"start":{"line":183,"column":4},"end":{"line":185,"column":5}},"74":{"start":{"line":184,"column":6},"end":{"line":184,"column":12}},"75":{"start":{"line":187,"column":4},"end":{"line":205,"column":5}},"76":{"start":{"line":188,"column":6},"end":{"line":199,"column":7}},"77":{"start":{"line":189,"column":8},"end":{"line":189,"column":80}},"78":{"start":{"line":192,"column":8},"end":{"line":192,"column":35}},"79":{"start":{"line":193,"column":8},"end":{"line":193,"column":28}},"80":{"start":{"line":195,"column":8},"end":{"line":195,"column":92}},"81":{"start":{"line":197,"column":8},"end":{"line":197,"column":24}},"82":{"start":{"line":198,"column":8},"end":{"line":198,"column":15}},"83":{"start":{"line":201,"column":6},"end":{"line":201,"column":84}},"84":{"start":{"line":203,"column":6},"end":{"line":203,"column":36}},"85":{"start":{"line":204,"column":6},"end":{"line":204,"column":13}},"86":{"start":{"line":207,"column":4},"end":{"line":207,"column":42}},"87":{"start":{"line":210,"column":2},"end":{"line":210,"column":64}},"88":{"start":{"line":211,"column":2},"end":{"line":211,"column":19}},"89":{"start":{"line":212,"column":2},"end":{"line":212,"column":28}},"90":{"start":{"line":214,"column":2},"end":{"line":214,"column":15}},"91":{"start":{"line":217,"column":0},"end":{"line":471,"column":2}},"92":{"start":{"line":219,"column":2},"end":{"line":219,"column":29}},"93":{"start":{"line":220,"column":2},"end":{"line":220,"column":29}},"94":{"start":{"line":221,"column":2},"end":{"line":221,"column":33}},"95":{"start":{"line":222,"column":2},"end":{"line":222,"column":51}},"96":{"start":{"line":224,"column":2},"end":{"line":224,"column":31}},"97":{"start":{"line":227,"column":2},"end":{"line":229,"column":3}},"98":{"start":{"line":228,"column":4},"end":{"line":228,"column":51}},"99":{"start":{"line":233,"column":2},"end":{"line":241,"column":3}},"100":{"start":{"line":234,"column":4},"end":{"line":234,"column":29}},"101":{"start":{"line":236,"column":9},"end":{"line":241,"column":3}},"102":{"start":{"line":237,"column":4},"end":{"line":237,"column":28}},"103":{"start":{"line":240,"column":4},"end":{"line":240,"column":204}},"104":{"start":{"line":243,"column":2},"end":{"line":243,"column":39}},"105":{"start":{"line":246,"column":2},"end":{"line":249,"column":3}},"106":{"start":{"line":247,"column":4},"end":{"line":247,"column":60}},"107":{"start":{"line":248,"column":4},"end":{"line":248,"column":208}},"108":{"start":{"line":255,"column":2},"end":{"line":255,"column":74}},"109":{"start":{"line":256,"column":2},"end":{"line":256,"column":30}},"110":{"start":{"line":258,"column":2},"end":{"line":258,"column":63}},"111":{"start":{"line":259,"column":2},"end":{"line":261,"column":3}},"112":{"start":{"line":260,"column":4},"end":{"line":260,"column":75}},"113":{"start":{"line":263,"column":2},"end":{"line":263,"column":74}},"114":{"start":{"line":267,"column":2},"end":{"line":278,"column":3}},"115":{"start":{"line":268,"column":4},"end":{"line":268,"column":127}},"116":{"start":{"line":269,"column":4},"end":{"line":271,"column":5}},"117":{"start":{"line":270,"column":6},"end":{"line":270,"column":15}},"118":{"start":{"line":273,"column":4},"end":{"line":275,"column":5}},"119":{"start":{"line":274,"column":6},"end":{"line":274,"column":15}},"120":{"start":{"line":277,"column":4},"end":{"line":277,"column":56}},"121":{"start":{"line":280,"column":2},"end":{"line":280,"column":39}},"122":{"start":{"line":286,"column":2},"end":{"line":286,"column":92}},"123":{"start":{"line":287,"column":2},"end":{"line":322,"column":3}},"124":{"start":{"line":288,"column":4},"end":{"line":288,"column":43}},"125":{"start":{"line":289,"column":4},"end":{"line":289,"column":32}},"126":{"start":{"line":290,"column":4},"end":{"line":290,"column":65}},"127":{"start":{"line":291,"column":4},"end":{"line":293,"column":5}},"128":{"start":{"line":292,"column":6},"end":{"line":292,"column":77}},"129":{"start":{"line":295,"column":4},"end":{"line":295,"column":76}},"130":{"start":{"line":299,"column":4},"end":{"line":310,"column":5}},"131":{"start":{"line":300,"column":6},"end":{"line":300,"column":129}},"132":{"start":{"line":301,"column":6},"end":{"line":303,"column":7}},"133":{"start":{"line":302,"column":8},"end":{"line":302,"column":17}},"134":{"start":{"line":305,"column":6},"end":{"line":307,"column":7}},"135":{"start":{"line":306,"column":8},"end":{"line":306,"column":17}},"136":{"start":{"line":309,"column":6},"end":{"line":309,"column":62}},"137":{"start":{"line":312,"column":4},"end":{"line":319,"column":5}},"138":{"start":{"line":313,"column":6},"end":{"line":313,"column":74}},"139":{"start":{"line":314,"column":6},"end":{"line":318,"column":7}},"140":{"start":{"line":315,"column":8},"end":{"line":315,"column":67}},"141":{"start":{"line":317,"column":8},"end":{"line":317,"column":75}},"142":{"start":{"line":321,"column":4},"end":{"line":321,"column":45}},"143":{"start":{"line":328,"column":2},"end":{"line":356,"column":3}},"144":{"start":{"line":330,"column":4},"end":{"line":330,"column":73}},"145":{"start":{"line":331,"column":4},"end":{"line":331,"column":32}},"146":{"start":{"line":333,"column":4},"end":{"line":333,"column":65}},"147":{"start":{"line":334,"column":4},"end":{"line":336,"column":5}},"148":{"start":{"line":335,"column":6},"end":{"line":335,"column":73}},"149":{"start":{"line":338,"column":4},"end":{"line":338,"column":80}},"150":{"start":{"line":342,"column":4},"end":{"line":353,"column":5}},"151":{"start":{"line":343,"column":6},"end":{"line":343,"column":129}},"152":{"start":{"line":344,"column":6},"end":{"line":346,"column":7}},"153":{"start":{"line":345,"column":8},"end":{"line":345,"column":17}},"154":{"start":{"line":348,"column":6},"end":{"line":350,"column":7}},"155":{"start":{"line":349,"column":8},"end":{"line":349,"column":17}},"156":{"start":{"line":352,"column":6},"end":{"line":352,"column":57}},"157":{"start":{"line":355,"column":4},"end":{"line":355,"column":43}},"158":{"start":{"line":362,"column":2},"end":{"line":390,"column":4}},"159":{"start":{"line":364,"column":4},"end":{"line":364,"column":73}},"160":{"start":{"line":365,"column":4},"end":{"line":365,"column":31}},"161":{"start":{"line":367,"column":4},"end":{"line":367,"column":65}},"162":{"start":{"line":368,"column":4},"end":{"line":370,"column":5}},"163":{"start":{"line":369,"column":6},"end":{"line":369,"column":76}},"164":{"start":{"line":372,"column":4},"end":{"line":372,"column":80}},"165":{"start":{"line":376,"column":4},"end":{"line":387,"column":5}},"166":{"start":{"line":377,"column":6},"end":{"line":377,"column":128}},"167":{"start":{"line":378,"column":6},"end":{"line":380,"column":7}},"168":{"start":{"line":379,"column":8},"end":{"line":379,"column":17}},"169":{"start":{"line":382,"column":6},"end":{"line":384,"column":7}},"170":{"start":{"line":383,"column":8},"end":{"line":383,"column":17}},"171":{"start":{"line":386,"column":6},"end":{"line":386,"column":56}},"172":{"start":{"line":389,"column":4},"end":{"line":389,"column":41}},"173":{"start":{"line":396,"column":2},"end":{"line":424,"column":3}},"174":{"start":{"line":398,"column":4},"end":{"line":398,"column":72}},"175":{"start":{"line":399,"column":4},"end":{"line":399,"column":44}},"176":{"start":{"line":401,"column":4},"end":{"line":401,"column":65}},"177":{"start":{"line":402,"column":4},"end":{"line":404,"column":5}},"178":{"start":{"line":403,"column":6},"end":{"line":403,"column":89}},"179":{"start":{"line":406,"column":4},"end":{"line":406,"column":93}},"180":{"start":{"line":410,"column":4},"end":{"line":421,"column":4}},"181":{"start":{"line":411,"column":6},"end":{"line":411,"column":129}},"182":{"start":{"line":412,"column":6},"end":{"line":414,"column":7}},"183":{"start":{"line":413,"column":8},"end":{"line":413,"column":14}},"184":{"start":{"line":416,"column":6},"end":{"line":418,"column":7}},"185":{"start":{"line":417,"column":8},"end":{"line":417,"column":17}},"186":{"start":{"line":420,"column":6},"end":{"line":420,"column":69}},"187":{"start":{"line":423,"column":4},"end":{"line":423,"column":54}},"188":{"start":{"line":431,"column":2},"end":{"line":470,"column":3}},"189":{"start":{"line":433,"column":4},"end":{"line":433,"column":13}},"190":{"start":{"line":435,"column":4},"end":{"line":452,"column":5}},"191":{"start":{"line":436,"column":6},"end":{"line":436,"column":20}},"192":{"start":{"line":438,"column":11},"end":{"line":452,"column":5}},"193":{"start":{"line":439,"column":6},"end":{"line":439,"column":18}},"194":{"start":{"line":441,"column":11},"end":{"line":452,"column":5}},"195":{"start":{"line":442,"column":6},"end":{"line":442,"column":19}},"196":{"start":{"line":444,"column":11},"end":{"line":452,"column":5}},"197":{"start":{"line":445,"column":6},"end":{"line":445,"column":22}},"198":{"start":{"line":447,"column":11},"end":{"line":452,"column":5}},"199":{"start":{"line":448,"column":6},"end":{"line":448,"column":23}},"200":{"start":{"line":450,"column":11},"end":{"line":452,"column":5}},"201":{"start":{"line":451,"column":6},"end":{"line":451,"column":19}},"202":{"start":{"line":455,"column":4},"end":{"line":455,"column":64}},"203":{"start":{"line":457,"column":4},"end":{"line":467,"column":5}},"204":{"start":{"line":458,"column":6},"end":{"line":458,"column":78}},"205":{"start":{"line":460,"column":6},"end":{"line":460,"column":96}},"206":{"start":{"line":466,"column":7},"end":{"line":466,"column":130}},"207":{"start":{"line":469,"column":4},"end":{"line":469,"column":53}},"208":{"start":{"line":473,"column":0},"end":{"line":584,"column":2}},"209":{"start":{"line":475,"column":2},"end":{"line":483,"column":3}},"210":{"start":{"line":485,"column":2},"end":{"line":485,"column":51}},"211":{"start":{"line":488,"column":2},"end":{"line":504,"column":3}},"212":{"start":{"line":489,"column":4},"end":{"line":489,"column":56}},"213":{"start":{"line":490,"column":4},"end":{"line":492,"column":5}},"214":{"start":{"line":491,"column":6},"end":{"line":491,"column":19}},"215":{"start":{"line":495,"column":9},"end":{"line":504,"column":3}},"216":{"start":{"line":496,"column":4},"end":{"line":496,"column":38}},"217":{"start":{"line":497,"column":4},"end":{"line":499,"column":5}},"218":{"start":{"line":498,"column":6},"end":{"line":498,"column":19}},"219":{"start":{"line":503,"column":4},"end":{"line":503,"column":17}},"220":{"start":{"line":506,"column":2},"end":{"line":571,"column":3}},"221":{"start":{"line":509,"column":6},"end":{"line":509,"column":126}},"222":{"start":{"line":510,"column":6},"end":{"line":511,"column":62}},"223":{"start":{"line":511,"column":8},"end":{"line":511,"column":62}},"224":{"start":{"line":512,"column":6},"end":{"line":512,"column":12}},"225":{"start":{"line":515,"column":6},"end":{"line":515,"column":126}},"226":{"start":{"line":516,"column":6},"end":{"line":516,"column":72}},"227":{"start":{"line":517,"column":6},"end":{"line":518,"column":71}},"228":{"start":{"line":518,"column":8},"end":{"line":518,"column":71}},"229":{"start":{"line":519,"column":6},"end":{"line":519,"column":12}},"230":{"start":{"line":522,"column":6},"end":{"line":522,"column":126}},"231":{"start":{"line":523,"column":6},"end":{"line":524,"column":80}},"232":{"start":{"line":524,"column":8},"end":{"line":524,"column":80}},"233":{"start":{"line":525,"column":6},"end":{"line":525,"column":12}},"234":{"start":{"line":528,"column":6},"end":{"line":528,"column":126}},"235":{"start":{"line":529,"column":6},"end":{"line":530,"column":79}},"236":{"start":{"line":530,"column":8},"end":{"line":530,"column":79}},"237":{"start":{"line":531,"column":6},"end":{"line":531,"column":12}},"238":{"start":{"line":534,"column":6},"end":{"line":534,"column":82}},"239":{"start":{"line":535,"column":6},"end":{"line":536,"column":138}},"240":{"start":{"line":536,"column":8},"end":{"line":536,"column":138}},"241":{"start":{"line":537,"column":6},"end":{"line":537,"column":12}},"242":{"start":{"line":540,"column":6},"end":{"line":540,"column":126}},"243":{"start":{"line":541,"column":6},"end":{"line":542,"column":68}},"244":{"start":{"line":542,"column":8},"end":{"line":542,"column":68}},"245":{"start":{"line":543,"column":6},"end":{"line":543,"column":12}},"246":{"start":{"line":546,"column":6},"end":{"line":546,"column":126}},"247":{"start":{"line":547,"column":6},"end":{"line":547,"column":92}},"248":{"start":{"line":548,"column":6},"end":{"line":548,"column":12}},"249":{"start":{"line":551,"column":6},"end":{"line":551,"column":126}},"250":{"start":{"line":552,"column":6},"end":{"line":553,"column":86}},"251":{"start":{"line":553,"column":8},"end":{"line":553,"column":86}},"252":{"start":{"line":554,"column":6},"end":{"line":554,"column":12}},"253":{"start":{"line":557,"column":6},"end":{"line":557,"column":126}},"254":{"start":{"line":558,"column":6},"end":{"line":559,"column":85}},"255":{"start":{"line":559,"column":8},"end":{"line":559,"column":85}},"256":{"start":{"line":560,"column":6},"end":{"line":560,"column":12}},"257":{"start":{"line":563,"column":6},"end":{"line":563,"column":82}},"258":{"start":{"line":564,"column":6},"end":{"line":565,"column":150}},"259":{"start":{"line":565,"column":8},"end":{"line":565,"column":150}},"260":{"start":{"line":566,"column":6},"end":{"line":566,"column":12}},"261":{"start":{"line":569,"column":6},"end":{"line":569,"column":19}},"262":{"start":{"line":574,"column":2},"end":{"line":576,"column":3}},"263":{"start":{"line":575,"column":4},"end":{"line":575,"column":53}},"264":{"start":{"line":579,"column":2},"end":{"line":581,"column":3}},"265":{"start":{"line":580,"column":4},"end":{"line":580,"column":33}},"266":{"start":{"line":583,"column":2},"end":{"line":583,"column":15}},"267":{"start":{"line":590,"column":0},"end":{"line":1065,"column":2}}},"branchMap":{"1":{"line":43,"type":"if","locations":[{"start":{"line":43,"column":2},"end":{"line":43,"column":2}},{"start":{"line":43,"column":2},"end":{"line":43,"column":2}}]},"2":{"line":44,"type":"if","locations":[{"start":{"line":44,"column":4},"end":{"line":44,"column":4}},{"start":{"line":44,"column":4},"end":{"line":44,"column":4}}]},"3":{"line":53,"type":"if","locations":[{"start":{"line":53,"column":6},"end":{"line":53,"column":6}},{"start":{"line":53,"column":6},"end":{"line":53,"column":6}}]},"4":{"line":63,"type":"if","locations":[{"start":{"line":63,"column":2},"end":{"line":63,"column":2}},{"start":{"line":63,"column":2},"end":{"line":63,"column":2}}]},"5":{"line":67,"type":"if","locations":[{"start":{"line":67,"column":9},"end":{"line":67,"column":9}},{"start":{"line":67,"column":9},"end":{"line":67,"column":9}}]},"6":{"line":74,"type":"if","locations":[{"start":{"line":74,"column":2},"end":{"line":74,"column":2}},{"start":{"line":74,"column":2},"end":{"line":74,"column":2}}]},"7":{"line":84,"type":"if","locations":[{"start":{"line":84,"column":7},"end":{"line":84,"column":7}},{"start":{"line":84,"column":7},"end":{"line":84,"column":7}}]},"8":{"line":99,"type":"if","locations":[{"start":{"line":99,"column":2},"end":{"line":99,"column":2}},{"start":{"line":99,"column":2},"end":{"line":99,"column":2}}]},"9":{"line":105,"type":"if","locations":[{"start":{"line":105,"column":2},"end":{"line":105,"column":2}},{"start":{"line":105,"column":2},"end":{"line":105,"column":2}}]},"10":{"line":111,"type":"if","locations":[{"start":{"line":111,"column":2},"end":{"line":111,"column":2}},{"start":{"line":111,"column":2},"end":{"line":111,"column":2}}]},"11":{"line":118,"type":"if","locations":[{"start":{"line":118,"column":6},"end":{"line":118,"column":6}},{"start":{"line":118,"column":6},"end":{"line":118,"column":6}}]},"12":{"line":145,"type":"if","locations":[{"start":{"line":145,"column":2},"end":{"line":145,"column":2}},{"start":{"line":145,"column":2},"end":{"line":145,"column":2}}]},"13":{"line":150,"type":"if","locations":[{"start":{"line":150,"column":2},"end":{"line":150,"column":2}},{"start":{"line":150,"column":2},"end":{"line":150,"column":2}}]},"14":{"line":152,"type":"if","locations":[{"start":{"line":152,"column":6},"end":{"line":152,"column":6}},{"start":{"line":152,"column":6},"end":{"line":152,"column":6}}]},"15":{"line":171,"type":"if","locations":[{"start":{"line":171,"column":2},"end":{"line":171,"column":2}},{"start":{"line":171,"column":2},"end":{"line":171,"column":2}}]},"16":{"line":171,"type":"binary-expr","locations":[{"start":{"line":171,"column":6},"end":{"line":171,"column":28}},{"start":{"line":171,"column":32},"end":{"line":171,"column":54}}]},"17":{"line":183,"type":"if","locations":[{"start":{"line":183,"column":4},"end":{"line":183,"column":4}},{"start":{"line":183,"column":4},"end":{"line":183,"column":4}}]},"18":{"line":187,"type":"if","locations":[{"start":{"line":187,"column":4},"end":{"line":187,"column":4}},{"start":{"line":187,"column":4},"end":{"line":187,"column":4}}]},"19":{"line":227,"type":"if","locations":[{"start":{"line":227,"column":2},"end":{"line":227,"column":2}},{"start":{"line":227,"column":2},"end":{"line":227,"column":2}}]},"20":{"line":233,"type":"if","locations":[{"start":{"line":233,"column":2},"end":{"line":233,"column":2}},{"start":{"line":233,"column":2},"end":{"line":233,"column":2}}]},"21":{"line":236,"type":"if","locations":[{"start":{"line":236,"column":9},"end":{"line":236,"column":9}},{"start":{"line":236,"column":9},"end":{"line":236,"column":9}}]},"22":{"line":246,"type":"if","locations":[{"start":{"line":246,"column":2},"end":{"line":246,"column":2}},{"start":{"line":246,"column":2},"end":{"line":246,"column":2}}]},"23":{"line":247,"type":"cond-expr","locations":[{"start":{"line":247,"column":40},"end":{"line":247,"column":48}},{"start":{"line":247,"column":51},"end":{"line":247,"column":59}}]},"24":{"line":259,"type":"if","locations":[{"start":{"line":259,"column":2},"end":{"line":259,"column":2}},{"start":{"line":259,"column":2},"end":{"line":259,"column":2}}]},"25":{"line":269,"type":"if","locations":[{"start":{"line":269,"column":4},"end":{"line":269,"column":4}},{"start":{"line":269,"column":4},"end":{"line":269,"column":4}}]},"26":{"line":273,"type":"if","locations":[{"start":{"line":273,"column":4},"end":{"line":273,"column":4}},{"start":{"line":273,"column":4},"end":{"line":273,"column":4}}]},"27":{"line":273,"type":"binary-expr","locations":[{"start":{"line":273,"column":8},"end":{"line":273,"column":32}},{"start":{"line":273,"column":36},"end":{"line":273,"column":45}}]},"28":{"line":287,"type":"if","locations":[{"start":{"line":287,"column":2},"end":{"line":287,"column":2}},{"start":{"line":287,"column":2},"end":{"line":287,"column":2}}]},"29":{"line":291,"type":"if","locations":[{"start":{"line":291,"column":4},"end":{"line":291,"column":4}},{"start":{"line":291,"column":4},"end":{"line":291,"column":4}}]},"30":{"line":301,"type":"if","locations":[{"start":{"line":301,"column":6},"end":{"line":301,"column":6}},{"start":{"line":301,"column":6},"end":{"line":301,"column":6}}]},"31":{"line":305,"type":"if","locations":[{"start":{"line":305,"column":6},"end":{"line":305,"column":6}},{"start":{"line":305,"column":6},"end":{"line":305,"column":6}}]},"32":{"line":305,"type":"binary-expr","locations":[{"start":{"line":305,"column":10},"end":{"line":305,"column":34}},{"start":{"line":305,"column":38},"end":{"line":305,"column":47}}]},"33":{"line":312,"type":"if","locations":[{"start":{"line":312,"column":4},"end":{"line":312,"column":4}},{"start":{"line":312,"column":4},"end":{"line":312,"column":4}}]},"34":{"line":314,"type":"if","locations":[{"start":{"line":314,"column":6},"end":{"line":314,"column":6}},{"start":{"line":314,"column":6},"end":{"line":314,"column":6}}]},"35":{"line":328,"type":"if","locations":[{"start":{"line":328,"column":2},"end":{"line":328,"column":2}},{"start":{"line":328,"column":2},"end":{"line":328,"column":2}}]},"36":{"line":334,"type":"if","locations":[{"start":{"line":334,"column":4},"end":{"line":334,"column":4}},{"start":{"line":334,"column":4},"end":{"line":334,"column":4}}]},"37":{"line":344,"type":"if","locations":[{"start":{"line":344,"column":6},"end":{"line":344,"column":6}},{"start":{"line":344,"column":6},"end":{"line":344,"column":6}}]},"38":{"line":348,"type":"if","locations":[{"start":{"line":348,"column":6},"end":{"line":348,"column":6}},{"start":{"line":348,"column":6},"end":{"line":348,"column":6}}]},"39":{"line":348,"type":"binary-expr","locations":[{"start":{"line":348,"column":10},"end":{"line":348,"column":34}},{"start":{"line"
[...]
","    0x83BB : \"IPTC-NAA\",","    0x847E : \"IntergraphPacketData\",","    0x847F : \"IntergraphFlagRegisters\",","    0x8480 : \"IntergraphMatrix\",","    0x8481 : \"INGRReserved\",","    0x8482 : \"ModelTiePoint\",","    0x84E0 : \"Site\",","    0x84E1 : \"ColorSequence\",","    0x84E2 : \"IT8Header\",","    0x84E3 : \"RasterPadding\",","    0x84E4 : \"BitsPerRunLength\",","    0x84E5 : \"BitsPerExtendedRunLength\",","    0x84E6 : \"ColorTable\",","    0x84E7 : \"ImageColorIndicator\",","    0x84E8 : \"BackgroundColorIndicator\",","    0x84E9 : \"ImageColorValue\",","    0x84EA : \"BackgroundColorValue\",","    0x84EB : \"PixelIntensityRange\",","    0x84EC : \"TransparencyIndicator\",","    0x84ED : \"ColorCharacterization\",","    0x84EE : \"HCUsage\",","    0x84EF : \"TrapIndicator\",","    0x84F0 : \"CMYKEquivalent\",","    0x8546 : \"SEMInfo\",","    0x8568 : \"AFCP_IPTC\",","    0x85B8 : \"PixelMagicJBIGOptions\",","    0x85D8 : \"ModelTransform\",","    0x8602 : \"WB_GRGBLevels\",","    0x8606 : \"LeafData\",","    0x8649 : \"PhotoshopSettings\",","    0x8769 : \"ExifOffset\",","    0x8773 : \"ICC_Profile\",","    0x877F : \"TIFF_FXExtensions\",","    0x8780 : \"MultiProfiles\",","    0x8781 : \"SharedData\",","    0x8782 : \"T88Options\",","    0x87AC : \"ImageLayer\",","    0x87AF : \"GeoTiffDirectory\",","    0x87B0 : \"GeoTiffDoubleParams\",","    0x87B1 : \"GeoTiffAsciiParams\",","    0x8822 : \"ExposureProgram\",","    0x8824 : \"SpectralSensitivity\",","    0x8825 : \"GPSInfo\",","    0x8827 : \"ISO\",","    0x8828 : \"Opto-ElectricConvFactor\",","    0x8829 : \"Interlace\",","    0x882A : \"TimeZoneOffset\",","    0x882B : \"SelfTimerMode\",","    0x8830 : \"SensitivityType\",","    0x8831 : \"StandardOutputSensitivity\",","    0x8832 : \"RecommendedExposureIndex\",","    0x8833 : \"ISOSpeed\",","    0x8834 : \"ISOSpeedLatitudeyyy\",","    0x8835 : \"ISOSpeedLatitudezzz\",","    0x885C : \"FaxRecvParams\",","    0x885D : \"FaxSubAddress\",","    0x885E : \"FaxRecvTime\",","    0x888A : \"LeafSubIFD\",","    0x9000 : \"ExifVersion\",","    0x9003 : \"DateTimeOriginal\",","    0x9004 : \"CreateDate\",","    0x9101 : \"ComponentsConfiguration\",","    0x9102 : \"CompressedBitsPerPixel\",","    0x9201 : \"ShutterSpeedValue\",","    0x9202 : \"ApertureValue\",","    0x9203 : \"BrightnessValue\",","    0x9204 : \"ExposureCompensation\",","    0x9205 : \"MaxApertureValue\",","    0x9206 : \"SubjectDistance\",","    0x9207 : \"MeteringMode\",","    0x9208 : \"LightSource\",","    0x9209 : \"Flash\",","    0x920A : \"FocalLength\",","    0x920B : \"FlashEnergy\",","    0x920C : \"SpatialFrequencyResponse\",","    0x920D : \"Noise\",","    0x920E : \"FocalPlaneXResolution\",","    0x920F : \"FocalPlaneYResolution\",","    0x9210 : \"FocalPlaneResolutionUnit\",","    0x9211 : \"ImageNumber\",","    0x9212 : \"SecurityClassification\",","    0x9213 : \"ImageHistory\",","    0x9214 : \"SubjectArea\",","    0x9215 : \"ExposureIndex\",","    0x9216 : \"TIFF-EPStandardID\",","    0x9217 : \"SensingMethod\",","    0x923A : \"CIP3DataFile\",","    0x923B : \"CIP3Sheet\",","    0x923C : \"CIP3Side\",","    0x923F : \"StoNits\",","    0x927C : \"MakerNote\",","    0x9286 : \"UserComment\",","    0x9290 : \"SubSecTime\",","    0x9291 : \"SubSecTimeOriginal\",","    0x9292 : \"SubSecTimeDigitized\",","    0x932F : \"MSDocumentText\",","    0x9330 : \"MSPropertySetStorage\",","    0x9331 : \"MSDocumentTextPosition\",","    0x935C : \"ImageSourceData\",","    0x9C9B : \"XPTitle\",","    0x9C9C : \"XPComment\",","    0x9C9D : \"XPAuthor\",","    0x9C9E : \"XPKeywords\",","    0x9C9F : \"XPSubject\",","    0xA000 : \"FlashpixVersion\",","    0xA001 : \"ColorSpace\",","    0xA002 : \"ExifImageWidth\",","    0xA003 : \"ExifImageHeight\",","    0xA004 : \"RelatedSoundFile\",","    0xA005 : \"InteropOffset\",","    0xA20B : \"FlashEnergy\",","    0xA20C : \"SpatialFrequencyResponse\",","    0xA20D : \"Noise\",","    0xA20E : \"FocalPlaneXResolution\",","    0xA20F : \"FocalPlaneYResolution\",","    0xA210 : \"FocalPlaneResolutionUnit\",","    0xA211 : \"ImageNumber\",","    0xA212 : \"SecurityClassification\",","    0xA213 : \"ImageHistory\",","    0xA214 : \"SubjectLocation\",","    0xA215 : \"ExposureIndex\",","    0xA216 : \"TIFF-EPStandardID\",","    0xA217 : \"SensingMethod\",","    0xA300 : \"FileSource\",","    0xA301 : \"SceneType\",","    0xA302 : \"CFAPattern\",","    0xA401 : \"CustomRendered\",","    0xA402 : \"ExposureMode\",","    0xA403 : \"WhiteBalance\",","    0xA404 : \"DigitalZoomRatio\",","    0xA405 : \"FocalLengthIn35mmFormat\",","    0xA406 : \"SceneCaptureType\",","    0xA407 : \"GainControl\",","    0xA408 : \"Contrast\",","    0xA409 : \"Saturation\",","    0xA40A : \"Sharpness\",","    0xA40B : \"DeviceSettingDescription\",","    0xA40C : \"SubjectDistanceRange\",","    0xA420 : \"ImageUniqueID\",","    0xA430 : \"OwnerName\",","    0xA431 : \"SerialNumber\",","    0xA432 : \"LensInfo\",","    0xA433 : \"LensMake\",","    0xA434 : \"LensModel\",","    0xA435 : \"LensSerialNumber\",","    0xA480 : \"GDALMetadata\",","    0xA481 : \"GDALNoData\",","    0xA500 : \"Gamma\",","    0xAFC0 : \"ExpandSoftware\",","    0xAFC1 : \"ExpandLens\",","    0xAFC2 : \"ExpandFilm\",","    0xAFC3 : \"ExpandFilterLens\",","    0xAFC4 : \"ExpandScanner\",","    0xAFC5 : \"ExpandFlashLamp\",","    0xBC01 : \"PixelFormat\",","    0xBC02 : \"Transformation\",","    0xBC03 : \"Uncompressed\",","    0xBC04 : \"ImageType\",","    0xBC80 : \"ImageWidth\",","    0xBC81 : \"ImageHeight\",","    0xBC82 : \"WidthResolution\",","    0xBC83 : \"HeightResolution\",","    0xBCC0 : \"ImageOffset\",","    0xBCC1 : \"ImageByteCount\",","    0xBCC2 : \"AlphaOffset\",","    0xBCC3 : \"AlphaByteCount\",","    0xBCC4 : \"ImageDataDiscard\",","    0xBCC5 : \"AlphaDataDiscard\",","    0xC427 : \"OceScanjobDesc\",","    0xC428 : \"OceApplicationSelector\",","    0xC429 : \"OceIDNumber\",","    0xC42A : \"OceImageLogic\",","    0xC44F : \"Annotations\",","    0xC4A5 : \"PrintIM\",","    0xC580 : \"USPTOOriginalContentType\",","    0xC612 : \"DNGVersion\",","    0xC613 : \"DNGBackwardVersion\",","    0xC614 : \"UniqueCameraModel\",","    0xC615 : \"LocalizedCameraModel\",","    0xC616 : \"CFAPlaneColor\",","    0xC617 : \"CFALayout\",","    0xC618 : \"LinearizationTable\",","    0xC619 : \"BlackLevelRepeatDim\",","    0xC61A : \"BlackLevel\",","    0xC61B : \"BlackLevelDeltaH\",","    0xC61C : \"BlackLevelDeltaV\",","    0xC61D : \"WhiteLevel\",","    0xC61E : \"DefaultScale\",","    0xC61F : \"DefaultCropOrigin\",","    0xC620 : \"DefaultCropSize\",","    0xC621 : \"ColorMatrix1\",","    0xC622 : \"ColorMatrix2\",","    0xC623 : \"CameraCalibration1\",","    0xC624 : \"CameraCalibration2\",","    0xC625 : \"ReductionMatrix1\",","    0xC626 : \"ReductionMatrix2\",","    0xC627 : \"AnalogBalance\",","    0xC628 : \"AsShotNeutral\",","    0xC629 : \"AsShotWhiteXY\",","    0xC62A : \"BaselineExposure\",","    0xC62B : \"BaselineNoise\",","    0xC62C : \"BaselineSharpness\",","    0xC62D : \"BayerGreenSplit\",","    0xC62E : \"LinearResponseLimit\",","    0xC62F : \"CameraSerialNumber\",","    0xC630 : \"DNGLensInfo\",","    0xC631 : \"ChromaBlurRadius\",","    0xC632 : \"AntiAliasStrength\",","    0xC633 : \"ShadowScale\",","    0xC634 : \"DNGPrivateData\",","    0xC635 : \"MakerNoteSafety\",","    0xC640 : \"RawImageSegmentation\",","    0xC65A : \"CalibrationIlluminant1\",","    0xC65B : \"CalibrationIlluminant2\",","    0xC65C : \"BestQualityScale\",","    0xC65D : \"RawDataUniqueID\",","    0xC660 : \"AliasLayerMetadata\",","    0xC68B : \"OriginalRawFileName\",","    0xC68C : \"OriginalRawFileData\",","    0xC68D : \"ActiveArea\",","    0xC68E : \"MaskedAreas\",","    0xC68F : \"AsShotICCProfile\",","    0xC690 : \"AsShotPreProfileMatrix\",","    0xC691 : \"CurrentICCProfile\",","    0xC692 : \"CurrentPreProfileMatrix\",","    0xC6BF : \"ColorimetricReference\",","    0xC6D2 : \"PanasonicTitle\",","    0xC6D3 : \"PanasonicTitle2\",","    0xC6F3 : \"CameraCalibrationSig\",","    0xC6F4 : \"ProfileCalibrationSig\",","    0xC6F5 : \"ProfileIFD\",","    0xC6F6 : \"AsShotProfileName\",","    0xC6F7 : \"NoiseReductionApplied\",","    0xC6F8 : \"ProfileName\",","    0xC6F9 : \"ProfileHueSatMapDims\",","    0xC6FA : \"ProfileHueSatMapData1\",","    0xC6FB : \"ProfileHueSatMapData2\",","    0xC6FC : \"ProfileToneCurve\",","    0xC6FD : \"ProfileEmbedPolicy\",","    0xC6FE : \"ProfileCopyright\",","    0xC714 : \"ForwardMatrix1\",","    0xC715 : \"ForwardMatrix2\",","    0xC716 : \"PreviewApplicationName\",","    0xC717 : \"PreviewApplicationVersion\",","    0xC718 : \"PreviewSettingsName\",","    0xC719 : \"PreviewSettingsDigest\",","    0xC71A : \"PreviewColorSpace\",","    0xC71B : \"PreviewDateTime\",","    0xC71C : \"RawImageDigest\",","    0xC71D : \"OriginalRawFileDigest\",","    0xC71E : \"SubTileBlockSize\",","    0xC71F : \"RowInterleaveFactor\",","    0xC725 : \"ProfileLookTableDims\",","    0xC726 : \"ProfileLookTableData\",","    0xC740 : \"OpcodeList1\",","    0xC741 : \"OpcodeList2\",","    0xC74E : \"OpcodeList3\",","    0xC761 : \"NoiseProfile\",","    0xC763 : \"TimeCodes\",","    0xC764 : \"FrameRate\",","    0xC772 : \"TStop\",","    0xC789 : \"ReelName\",","    0xC791 : \"OriginalDefaultFinalSize\",","    0xC792 : \"OriginalBestQualitySize\",","    0xC793 : \"OriginalDefaultCropSize\",","    0xC7A1 : \"CameraLabel\",","    0xC7A3 : \"ProfileHueSatMapEncoding\",","    0xC7A4 : \"ProfileLookTableEncoding\",","    0xC7A5 : \"BaselineExposureOffset\",","    0xC7A6 : \"DefaultBlackRender\",","    0xC7A7 : \"NewRawImageDigest\",","    0xC7A8 : \"RawToPreviewGain\",","    0xC7B5 : \"DefaultUserCrop\",","    0xEA1C : \"Padding\",","    0xEA1D : \"OffsetSchema\",","    0xFDE8 : \"OwnerName\",","    0xFDE9 : \"SerialNumber\",","    0xFDEA : \"Lens\",","    0xFE00 : \"KDC_IFD\",","    0xFE4C : \"RawFile\",","    0xFE4D : \"Converter\",","    0xFE4E : \"WhiteBalance\",","    0xFE51 : \"Exposure\",","    0xFE52 : \"Shadows\",","    0xFE53 : \"Brightness\",","    0xFE54 : \"Contrast\",","    0xFE55 : \"Saturation\",","    0xFE56 : \"Sharpness\",","    0xFE57 : \"Smoothness\",","    0xFE58 : \"MoireFilter\"","","  },","","  // GPS Tags","  gps : {","","    0x0000 : 'GPSVersionID',","    0x0001 : 'GPSLatitudeRef',","    0x0002 : 'GPSLatitude',","    0x0003 : 'GPSLongitudeRef',","    0x0004 : 'GPSLongitude',","    0x0005 : 'GPSAltitudeRef',","    0x0006 : 'GPSAltitude',","    0x0007 : 'GPSTimeStamp',","    0x0008 : 'GPSSatellites',","    0x0009 : 'GPSStatus',","    0x000A : 'GPSMeasureMode',","    0x000B : 'GPSDOP',","    0x000C : 'GPSSpeedRef',","    0x000D : 'GPSSpeed',","    0x000E : 'GPSTrackRef',","    0x000F : 'GPSTrack',","    0x0010 : 'GPSImgDirectionRef',","    0x0011 : 'GPSImgDirection',","    0x0012 : 'GPSMapDatum',","    0x0013 : 'GPSDestLatitudeRef',","    0x0014 : 'GPSDestLatitude',","    0x0015 : 'GPSDestLongitudeRef',","    0x0016 : 'GPSDestLongitude',","    0x0017 : 'GPSDestBearingRef',","    0x0018 : 'GPSDestBearing',","    0x0019 : 'GPSDestDistanceRef',","    0x001A : 'GPSDestDistance',","    0x001B : 'GPSProcessingMethod',","    0x001C : 'GPSAreaInformation',","    0x001D : 'GPSDateStamp',","    0x001E : 'GPSDifferential',","    0x001F : 'GPSHPositioningError'","","  }","","};"],"l":{"4":1,"5":1,"6":1,"7":1,"8":1,"10":1,"42":1,"43":0,"44":0,"45":0,"50":0,"52":0,"53":0,"54":0,"57":0,"60":0,"63":0,"64":0,"67":0,"68":0,"73":0,"74":0,"75":0,"76":0,"79":0,"82":0,"84":0,"85":0,"89":0,"98":0,"99":0,"100":0,"103":0,"105":0,"108":0,"111":0,"112":0,"115":0,"116":0,"117":0,"118":0,"119":0,"122":0,"127":1,"129":1,"138":1,"139":0,"141":0,"143":0,"145":0,"146":0,"147":0,"150":0,"151":0,"152":0,"153":0,"154":0,"157":0,"159":0,"162":0,"165":1,"166":0,"167":0,"169":0,"171":0,"172":0,"173":0,"174":0,"175":0,"176":0,"179":0,"181":0,"183":0,"184":0,"187":0,"188":0,"189":0,"192":0,"193":0,"195":0,"197":0,"198":0,"201":0,"203":0,"204":0,"207":0,"210":0,"211":0,"212":0,"214":0,"217":1,"219":0,"220":0,"221":0,"222":0,"224":0,"227":0,"228":0,"233":0,"234":0,"236":0,"237":0,"240":0,"243":0,"246":0,"247":0,"248":0,"255":0,"256":0,"258":0,"259":0,"260":0,"263":0,"267":0,"268":0,"269":0,"270":0,"273":0,"274":0,"277":0,"280":0,"286":0,"287":0,"288":0,"289":0,"290":0,"291":0,"292":0,"295":0,"299":0,"300":0,"301":0,"302":0,"305":0,"306":0,"309":0,"312":0,"313":0,"314":0,"315":0,"317":0,"321":0,"328":0,"330":0,"331":0,"333":0,"334":0,"335":0,"338":0,"342":0,"343":0,"344":0,"345":0,"348":0,"349":0,"352":0,"355":0,"362":0,"364":0,"365":0,"367":0,"368":0,"369":0,"372":0,"376":0,"377":0,"378":0,"379":0,"382":0,"383":0,"386":0,"389":0,"396":0,"398":0,"399":0,"401":0,"402":0,"403":0,"406":0,"410":0,"411":0,"412":0,"413":0,"416":0,"417":0,"420":0,"423":0,"431":0,"433":0,"435":0,"436":0,"438":0,"439":0,"441":0,"442":0,"444":0,"445":0,"447":0,"448":0,"450":0,"451":0,"455":0,"457":0,"458":0,"460":0,"466":0,"469":0,"473":1,"475":0,"485":0,"488":0,"489":0,"490":0,"491":0,"495":0,"496":0,"497":0,"498":0,"503":0,"506":0,"509":0,"510":0,"511":0,"512":0,"515":0,"516":0,"517":0,"518":0,"519":0,"522":0,"523":0,"524":0,"525":0,"528":0,"529":0,"530":0,"531":0,"534":0,"535":0,"536":0,"537":0,"540":0,"541":0,"542":0,"543":0,"546":0,"547":0,"548":0,"551":0,"552":0,"553":0,"554":0,"557":0,"558":0,"559":0,"560":0,"563":0,"564":0,"565":0,"566":0,"569":0,"574":0,"575":0,"579":0,"580":0,"583":0,"590":1}},"/home/travis/build/npmtest/node-npmtest-exif/node_modules/exif/lib/exif/Buffer.js":{"path":"/home/travis/build/npmtest/node-npmtest-exif/node_modules/exif/lib/exif/Buffer.js","s":{"1":1,"2":0,"3":1,"4":0,"5":1,"6":0,"7":0,"8":1,"9":0,"10":0,"11":1,"12":0,"13":0,"14":1,"15":0,"16":0,"17":1,"18":0,"19":0,"20":0,"21":0},"b":{"1":[0,0],"2":[0,0],"3":[0,0],"4":[0,0],"5":[0,0],"6":[0,0],"7":[0,0],"8":[0,0],"9":[0,0]},"f":{"1":0,"2":0,"3":0,"4":0,"5":0,"6":0,"7":0},"fnMap":{"1":{"name":"(anonymous_1)","line":5,"loc":{"start":{"line":5,"column":27},"end":{"line":5,"column":45}}},"2":{"name":"(anonymous_2)","line":9,"loc":{"start":{"line":9,"column":33},"end":{"line":9,"column":51}}},"3":{"name":"(anonymous_3)","line":13,"loc":{"start":{"line":13,"column":28},"end":{"line":13,"column":57}}},"4":{"name":"(anonymous_4)","line":18,"loc":{"start":{"line":18,"column":34},"end":{"line":18,"column":63}}},"5":{"name":"(anonymous_5)","line":23,"loc":{"start":{"line":23,"column":27},"end":{"line":23,"column":56}}},"6":{"name":"(anonymous_6)","line":28,"loc":{"start":{"line":28,"column":33},"end":{"line":28,"column":62}}},"7":{"name":"(anonymous_7)","line":33,"loc":{"start":{"line":33,"column":29},"end":{"line":33,"column":55}}}},"statementMap":{"1":{"start":{"line":5,"column":0},"end":{"line":7,"column":2}},"2":{"start":{"line":6,"column":2},"end":{"line":6,"column":22}},"3":{"start":{"line":9,"column":0},"end":{"line":11,"column":2}},"4":{"start":{"line":10,"column":2},"end":{"line":10,"column":66}},"5":{"start":{"line":13,"column":0},"end":{"line":16,"column":2}},"6":{"start":{"line":14,"column":2},"end":{"line":14,"column":111}},"7":{"start":{"line":15,"column":2},"end":{"line":15,"column":54}},"8":{"start":{"line":18,"column":0},"end":{"line":21,"column":2}},"9":{"start":{"line":19,"column":2},"end":{"line":19,"column":111}},"10":{"start":{"line":20,"column":2},"end":{"line":20,"column":58}},"11":{"start":{"line":23,"column":0},"end":{"line":26,"column":2}},"12":{"start":{"line":24,"column":2},"end":{"line":24,"column":222}},"13":{"start":{"line":25,"column":2},"end":{"line":25,"column":56}},"14":{"start":{"line":28,"column":0},"end":{"line":31,"column":2}},"15":{"start":{"line":29,"column":2},"end":{"line":29,"column":222}},"16":{"start":{"line":30,"column":2},"end":{"line":30,"column":65}},"17":{"start":{"line":33,"column":0},"end":{"line":39,"column":2}},"18":{"start":{"line":34,"column":2},"end":{"line":34,"column":18}},"19":{"start":{"line":35,"column":2},"end":{"line":37,"column":3}},"20":{"start":{"line":36,"column":4},"end":{"line":36,"column":46}},"21":{"start":{"line":38,"column":2},"end":{"line":38,"column":25}}},"branchMap":{"1":{"line":10,"type":"cond-expr","locations":[{"start":{"line":10,"column":32},"end":{"line":10,"column":50}},{"start":{"line":10,"column":53},"end":{"line":10,"column":65}}]},"2":{"line":14,"type":"cond-expr","locations":[{"start":{"line":14,"column":31},"end":{"line":14,"column":69}},{"start":{"line":14,"column":72},"end":{"line":14,"column":110}}]},"3":{"line":15,"type":"cond-expr","locations":[{"start":{"line":15,"column":26},"end":{"line":15,"column":42}},{"start":{"line":15,"column":45},"end":{"line":15,"column":53}}]},"4":{"line":19,"type":"cond-expr","locations":[{"start":{"line":19,"column":31},"end":{"line":19,"column":69}},{"start":{"line":19,"column":72},"end":{"line":19,"column":110}}]},"5":{"line":20,"type":"cond-expr","locations":[{"start":{"line":20,"column":30},"end":{"line":20,"column":46}},{"start":{"line":20,"column":49},"end":{"line":20,"column":57}}]},"6":{"line":24,"type":"cond-expr","locations":[{"start":{"line":24,"column":30},"end":{"line":24,"column":124}},{"start":{"line":24,"column":127},"end":{"line":24,"column":221}}]},"7":{"line":25,"type":"cond-expr","locations":[{"start":{"line":25,"column":25},"end":{"line":25,"column":45}},{"start":{"line":25,"column":48},"end":{"line":25,"column":55}}]},"8":{"line":29,"type":"cond-expr","locations":[{"start":{"line":29,"column":30},"end":{"line":29,"column":124}},{"start":{"line":29,"column":127},"end":{"line":29,"column":221}}]},"9":{"line":30,"type":"cond-expr","locations":[{"start":{"line":30,"column":34},"end":{"line":30,"column":54}},{"start":{"line":30,"column":57},"end":{"line":30,"column":64}}]}},"code":["//","// A couple of methods that make working with buffers more easy.","//","","Buffer.prototype.getByte = function (offset) {","  return this[offset];","};","","Buffer.prototype.getSignedByte = function (offset) {","  return (this[offset] > 127) ? this[offset] - 256 : this[offset];","};","","Buffer.prototype.getShort = function (offset, bigEndian) {","  var shortVal = (bigEndian) ? (this[offset] << 8) + this[offset + 1] : (this[offset + 1] << 8) + this[offset];","  return (shortVal < 0) ? shortVal + 65536 : shortVal;","};","","Buffer.prototype.getSignedShort = function (offset, bigEndian) {","  var shortVal = (bigEndian) ? (this[offset] << 8) + this[offset + 1] : (this[offset + 1] << 8) + this[offset];","  return (shortVal > 32767) ? shortVal - 65536 : shortVal;","};","","Buffer.prototype.getLong = function (offset, bigEndian) {","  var longVal = (bigEndian) ? (((((this[offset] << 8) + this[offset + 1]) << 8) + this[offset + 2]) << 8) + this[offset + 3] : (((((this[offset + 3] << 8) + this[offset + 2]) << 8) + this[offset + 1]) << 8) + this[offset];","  return (longVal < 0) ? longVal + 4294967296 : longVal;","};","","Buffer.prototype.getSignedLong = function (offset, bigEndian) {","  var longVal = (bigEndian) ? (((((this[offset] << 8) + this[offset + 1]) << 8) + this[offset + 2]) << 8) + this[offset + 3] : (((((this[offset + 3] << 8) + this[offset + 2]) << 8) + this[offset + 1]) << 8) + this[offset];","  return (longVal > 2147483647) ? longVal - 4294967296 : longVal;","};","","Buffer.prototype.getString = function (offset, length) {","  var string = [];","  for (var i = offset; i < offset + length; i++) {","    string.push(String.fromCharCode(this[i]));","  }","  return string.join('');","};"],"l":{"5":1,"6":0,"9":1,"10":0,"13":1,"14":0,"15":0,"18":1,"19":0,"20":0,"23":1,"24":0,"25":0,"28":1,"29":0,"30":0,"33":1,"34":0,"35":0,"36":0,"38":0}},"/home/travis/build/npmtest/node-npmtest-exif/node_modules/exif/index.js":{"path":"/home/travis/build/npmtest/node-npmtest-exif/node_modules/exif/index.js","s":{"1":1},"b":{},"f":{},"fnMap":{},"statementMap":{"1":{"start":{"line":1,"column":0},"end":{"line":1,"column":39}}},"branchMap":{},"code":["module.exports = require('./lib/exif');"],"l":{"1":1}}}